[0.008s] Invoking command in '/home/longarmape06/ifv_ws/build/ifv_interfaces': CMAKE_PREFIX_PATH=/opt/ros/humble /usr/bin/cmake --build /home/longarmape06/ifv_ws/build/ifv_interfaces -- -j16 -l16
[0.034s] [35m[1mConsolidate compiler generated dependencies of target ifv_interfaces__rosidl_generator_c[0m
[0.040s] [  3%] Built target ifv_interfaces__cpp
[0.040s] [ 12%] Built target ifv_interfaces__rosidl_generator_c
[0.045s] [ 12%] Built target ament_cmake_python_copy_ifv_interfaces
[0.045s] [35m[1mConsolidate compiler generated dependencies of target ifv_interfaces__rosidl_typesupport_fastrtps_cpp[0m
[0.045s] [35m[1mConsolidate compiler generated dependencies of target ifv_interfaces__rosidl_typesupport_cpp[0m
[0.046s] [35m[1mConsolidate compiler generated dependencies of target ifv_interfaces__rosidl_typesupport_introspection_cpp[0m
[0.051s] [35m[1mConsolidate compiler generated dependencies of target ifv_interfaces__rosidl_typesupport_c[0m
[0.051s] [35m[1mConsolidate compiler generated dependencies of target ifv_interfaces__rosidl_typesupport_introspection_c[0m
[0.051s] [35m[1mConsolidate compiler generated dependencies of target ifv_interfaces__rosidl_typesupport_fastrtps_c[0m
[0.053s] [ 22%] Built target ifv_interfaces__rosidl_typesupport_introspection_cpp
[0.053s] [ 32%] Built target ifv_interfaces__rosidl_typesupport_fastrtps_cpp
[0.053s] [ 41%] Built target ifv_interfaces__rosidl_typesupport_cpp
[0.057s] [ 61%] Built target ifv_interfaces__rosidl_typesupport_introspection_c
[0.057s] [ 61%] Built target ifv_interfaces__rosidl_typesupport_c
[0.058s] [ 70%] Built target ifv_interfaces__rosidl_typesupport_fastrtps_c
[0.069s] [ 70%] Built target ifv_interfaces
[0.080s] [ 74%] Built target ifv_interfaces__py
[0.085s] [35m[1mConsolidate compiler generated dependencies of target ifv_interfaces__rosidl_generator_py[0m
[0.093s] [ 80%] Built target ifv_interfaces__rosidl_generator_py
[0.099s] [35m[1mConsolidate compiler generated dependencies of target ifv_interfaces__rosidl_typesupport_introspection_c__pyext[0m
[0.099s] [35m[1mConsolidate compiler generated dependencies of target ifv_interfaces__rosidl_typesupport_fastrtps_c__pyext[0m
[0.099s] [35m[1mConsolidate compiler generated dependencies of target ifv_interfaces__rosidl_typesupport_c__pyext[0m
[0.107s] [100%] Built target ifv_interfaces__rosidl_typesupport_introspection_c__pyext
[0.107s] [100%] Built target ifv_interfaces__rosidl_typesupport_fastrtps_c__pyext
[0.107s] [100%] Built target ifv_interfaces__rosidl_typesupport_c__pyext
[0.222s] running egg_info
[0.223s] writing ifv_interfaces.egg-info/PKG-INFO
[0.223s] writing dependency_links to ifv_interfaces.egg-info/dependency_links.txt
[0.223s] writing top-level names to ifv_interfaces.egg-info/top_level.txt
[0.224s] reading manifest file 'ifv_interfaces.egg-info/SOURCES.txt'
[0.225s] writing manifest file 'ifv_interfaces.egg-info/SOURCES.txt'
[0.242s] [100%] Built target ament_cmake_python_build_ifv_interfaces_egg
[0.248s] Invoked command in '/home/longarmape06/ifv_ws/build/ifv_interfaces' returned '0': CMAKE_PREFIX_PATH=/opt/ros/humble /usr/bin/cmake --build /home/longarmape06/ifv_ws/build/ifv_interfaces -- -j16 -l16
[0.285s] Invoking command in '/home/longarmape06/ifv_ws/build/ifv_interfaces': CMAKE_PREFIX_PATH=/opt/ros/humble /usr/bin/cmake --install /home/longarmape06/ifv_ws/build/ifv_interfaces
[0.289s] -- Install configuration: ""
[0.290s] -- Up-to-date: /home/longarmape06/ifv_ws/install/ifv_interfaces/share/ament_index/resource_index/rosidl_interfaces/ifv_interfaces
[0.290s] -- Up-to-date: /home/longarmape06/ifv_ws/install/ifv_interfaces/include/ifv_interfaces/ifv_interfaces
[0.290s] -- Up-to-date: /home/longarmape06/ifv_ws/install/ifv_interfaces/include/ifv_interfaces/ifv_interfaces/msg
[0.290s] -- Up-to-date: /home/longarmape06/ifv_ws/install/ifv_interfaces/include/ifv_interfaces/ifv_interfaces/msg/detail
[0.290s] -- Up-to-date: /home/longarmape06/ifv_ws/install/ifv_interfaces/include/ifv_interfaces/ifv_interfaces/msg/detail/torque8dof__functions.h
[0.290s] -- Up-to-date: /home/longarmape06/ifv_ws/install/ifv_interfaces/include/ifv_interfaces/ifv_interfaces/msg/detail/torque8dof__functions.c
[0.290s] -- Up-to-date: /home/longarmape06/ifv_ws/install/ifv_interfaces/include/ifv_interfaces/ifv_interfaces/msg/detail/torque8dof__struct.h
[0.291s] -- Up-to-date: /home/longarmape06/ifv_ws/install/ifv_interfaces/include/ifv_interfaces/ifv_interfaces/msg/detail/torque8dof__type_support.h
[0.291s] -- Up-to-date: /home/longarmape06/ifv_ws/install/ifv_interfaces/include/ifv_interfaces/ifv_interfaces/msg/rosidl_generator_c__visibility_control.h
[0.291s] -- Up-to-date: /home/longarmape06/ifv_ws/install/ifv_interfaces/include/ifv_interfaces/ifv_interfaces/msg/torque8dof.h
[0.291s] -- Up-to-date: /home/longarmape06/ifv_ws/install/ifv_interfaces/share/ifv_interfaces/environment/library_path.sh
[0.291s] -- Up-to-date: /home/longarmape06/ifv_ws/install/ifv_interfaces/share/ifv_interfaces/environment/library_path.dsv
[0.291s] -- Up-to-date: /home/longarmape06/ifv_ws/install/ifv_interfaces/lib/libifv_interfaces__rosidl_generator_c.so
[0.291s] -- Up-to-date: /home/longarmape06/ifv_ws/install/ifv_interfaces/include/ifv_interfaces/ifv_interfaces
[0.291s] -- Up-to-date: /home/longarmape06/ifv_ws/install/ifv_interfaces/include/ifv_interfaces/ifv_interfaces/msg
[0.291s] -- Up-to-date: /home/longarmape06/ifv_ws/install/ifv_interfaces/include/ifv_interfaces/ifv_interfaces/msg/detail
[0.291s] -- Up-to-date: /home/longarmape06/ifv_ws/install/ifv_interfaces/include/ifv_interfaces/ifv_interfaces/msg/detail/torque8dof__rosidl_typesupport_fastrtps_c.h
[0.292s] -- Up-to-date: /home/longarmape06/ifv_ws/install/ifv_interfaces/include/ifv_interfaces/ifv_interfaces/msg/rosidl_typesupport_fastrtps_c__visibility_control.h
[0.292s] -- Up-to-date: /home/longarmape06/ifv_ws/install/ifv_interfaces/lib/libifv_interfaces__rosidl_typesupport_fastrtps_c.so
[0.292s] -- Up-to-date: /home/longarmape06/ifv_ws/install/ifv_interfaces/include/ifv_interfaces/ifv_interfaces
[0.292s] -- Up-to-date: /home/longarmape06/ifv_ws/install/ifv_interfaces/include/ifv_interfaces/ifv_interfaces/msg
[0.292s] -- Up-to-date: /home/longarmape06/ifv_ws/install/ifv_interfaces/include/ifv_interfaces/ifv_interfaces/msg/detail
[0.292s] -- Up-to-date: /home/longarmape06/ifv_ws/install/ifv_interfaces/include/ifv_interfaces/ifv_interfaces/msg/detail/torque8dof__type_support.c
[0.292s] -- Up-to-date: /home/longarmape06/ifv_ws/install/ifv_interfaces/include/ifv_interfaces/ifv_interfaces/msg/detail/torque8dof__rosidl_typesupport_introspection_c.h
[0.292s] -- Up-to-date: /home/longarmape06/ifv_ws/install/ifv_interfaces/include/ifv_interfaces/ifv_interfaces/msg/rosidl_typesupport_introspection_c__visibility_control.h
[0.292s] -- Up-to-date: /home/longarmape06/ifv_ws/install/ifv_interfaces/lib/libifv_interfaces__rosidl_typesupport_introspection_c.so
[0.292s] -- Up-to-date: /home/longarmape06/ifv_ws/install/ifv_interfaces/lib/libifv_interfaces__rosidl_typesupport_c.so
[0.292s] -- Up-to-date: /home/longarmape06/ifv_ws/install/ifv_interfaces/include/ifv_interfaces/ifv_interfaces
[0.292s] -- Up-to-date: /home/longarmape06/ifv_ws/install/ifv_interfaces/include/ifv_interfaces/ifv_interfaces/msg
[0.292s] -- Up-to-date: /home/longarmape06/ifv_ws/install/ifv_interfaces/include/ifv_interfaces/ifv_interfaces/msg/detail
[0.292s] -- Up-to-date: /home/longarmape06/ifv_ws/install/ifv_interfaces/include/ifv_interfaces/ifv_interfaces/msg/detail/torque8dof__builder.hpp
[0.292s] -- Up-to-date: /home/longarmape06/ifv_ws/install/ifv_interfaces/include/ifv_interfaces/ifv_interfaces/msg/detail/torque8dof__traits.hpp
[0.292s] -- Up-to-date: /home/longarmape06/ifv_ws/install/ifv_interfaces/include/ifv_interfaces/ifv_interfaces/msg/detail/torque8dof__struct.hpp
[0.292s] -- Up-to-date: /home/longarmape06/ifv_ws/install/ifv_interfaces/include/ifv_interfaces/ifv_interfaces/msg/torque8dof.hpp
[0.293s] -- Up-to-date: /home/longarmape06/ifv_ws/install/ifv_interfaces/include/ifv_interfaces/ifv_interfaces
[0.293s] -- Up-to-date: /home/longarmape06/ifv_ws/install/ifv_interfaces/include/ifv_interfaces/ifv_interfaces/msg
[0.293s] -- Up-to-date: /home/longarmape06/ifv_ws/install/ifv_interfaces/include/ifv_interfaces/ifv_interfaces/msg/detail
[0.293s] -- Up-to-date: /home/longarmape06/ifv_ws/install/ifv_interfaces/include/ifv_interfaces/ifv_interfaces/msg/detail/torque8dof__rosidl_typesupport_fastrtps_cpp.hpp
[0.293s] -- Up-to-date: /home/longarmape06/ifv_ws/install/ifv_interfaces/include/ifv_interfaces/ifv_interfaces/msg/detail/dds_fastrtps
[0.293s] -- Up-to-date: /home/longarmape06/ifv_ws/install/ifv_interfaces/include/ifv_interfaces/ifv_interfaces/msg/rosidl_typesupport_fastrtps_cpp__visibility_control.h
[0.293s] -- Up-to-date: /home/longarmape06/ifv_ws/install/ifv_interfaces/lib/libifv_interfaces__rosidl_typesupport_fastrtps_cpp.so
[0.293s] -- Up-to-date: /home/longarmape06/ifv_ws/install/ifv_interfaces/include/ifv_interfaces/ifv_interfaces
[0.293s] -- Up-to-date: /home/longarmape06/ifv_ws/install/ifv_interfaces/include/ifv_interfaces/ifv_interfaces/msg
[0.293s] -- Up-to-date: /home/longarmape06/ifv_ws/install/ifv_interfaces/include/ifv_interfaces/ifv_interfaces/msg/detail
[0.293s] -- Up-to-date: /home/longarmape06/ifv_ws/install/ifv_interfaces/include/ifv_interfaces/ifv_interfaces/msg/detail/torque8dof__rosidl_typesupport_introspection_cpp.hpp
[0.293s] -- Up-to-date: /home/longarmape06/ifv_ws/install/ifv_interfaces/include/ifv_interfaces/ifv_interfaces/msg/detail/torque8dof__type_support.cpp
[0.293s] -- Up-to-date: /home/longarmape06/ifv_ws/install/ifv_interfaces/lib/libifv_interfaces__rosidl_typesupport_introspection_cpp.so
[0.293s] -- Up-to-date: /home/longarmape06/ifv_ws/install/ifv_interfaces/lib/libifv_interfaces__rosidl_typesupport_cpp.so
[0.293s] -- Up-to-date: /home/longarmape06/ifv_ws/install/ifv_interfaces/share/ifv_interfaces/environment/pythonpath.sh
[0.293s] -- Up-to-date: /home/longarmape06/ifv_ws/install/ifv_interfaces/share/ifv_interfaces/environment/pythonpath.dsv
[0.293s] -- Up-to-date: /home/longarmape06/ifv_ws/install/ifv_interfaces/local/lib/python3.10/dist-packages/ifv_interfaces-0.0.0-py3.10.egg-info
[0.293s] -- Installing: /home/longarmape06/ifv_ws/install/ifv_interfaces/local/lib/python3.10/dist-packages/ifv_interfaces-0.0.0-py3.10.egg-info/PKG-INFO
[0.293s] -- Installing: /home/longarmape06/ifv_ws/install/ifv_interfaces/local/lib/python3.10/dist-packages/ifv_interfaces-0.0.0-py3.10.egg-info/top_level.txt
[0.294s] -- Installing: /home/longarmape06/ifv_ws/install/ifv_interfaces/local/lib/python3.10/dist-packages/ifv_interfaces-0.0.0-py3.10.egg-info/SOURCES.txt
[0.294s] -- Installing: /home/longarmape06/ifv_ws/install/ifv_interfaces/local/lib/python3.10/dist-packages/ifv_interfaces-0.0.0-py3.10.egg-info/dependency_links.txt
[0.294s] -- Up-to-date: /home/longarmape06/ifv_ws/install/ifv_interfaces/local/lib/python3.10/dist-packages/ifv_interfaces
[0.294s] -- Up-to-date: /home/longarmape06/ifv_ws/install/ifv_interfaces/local/lib/python3.10/dist-packages/ifv_interfaces/ifv_interfaces_s__rosidl_typesupport_c.cpython-310-x86_64-linux-gnu.so
[0.294s] -- Up-to-date: /home/longarmape06/ifv_ws/install/ifv_interfaces/local/lib/python3.10/dist-packages/ifv_interfaces/_ifv_interfaces_s.ep.rosidl_typesupport_fastrtps_c.c
[0.294s] -- Up-to-date: /home/longarmape06/ifv_ws/install/ifv_interfaces/local/lib/python3.10/dist-packages/ifv_interfaces/msg
[0.294s] -- Up-to-date: /home/longarmape06/ifv_ws/install/ifv_interfaces/local/lib/python3.10/dist-packages/ifv_interfaces/msg/_torque8dof_s.c
[0.294s] -- Up-to-date: /home/longarmape06/ifv_ws/install/ifv_interfaces/local/lib/python3.10/dist-packages/ifv_interfaces/msg/__init__.py
[0.294s] -- Up-to-date: /home/longarmape06/ifv_ws/install/ifv_interfaces/local/lib/python3.10/dist-packages/ifv_interfaces/msg/_torque8dof.py
[0.294s] -- Up-to-date: /home/longarmape06/ifv_ws/install/ifv_interfaces/local/lib/python3.10/dist-packages/ifv_interfaces/__init__.py
[0.294s] -- Up-to-date: /home/longarmape06/ifv_ws/install/ifv_interfaces/local/lib/python3.10/dist-packages/ifv_interfaces/_ifv_interfaces_s.ep.rosidl_typesupport_introspection_c.c
[0.294s] -- Up-to-date: /home/longarmape06/ifv_ws/install/ifv_interfaces/local/lib/python3.10/dist-packages/ifv_interfaces/_ifv_interfaces_s.ep.rosidl_typesupport_c.c
[0.294s] -- Up-to-date: /home/longarmape06/ifv_ws/install/ifv_interfaces/local/lib/python3.10/dist-packages/ifv_interfaces/ifv_interfaces_s__rosidl_typesupport_introspection_c.cpython-310-x86_64-linux-gnu.so
[0.294s] -- Up-to-date: /home/longarmape06/ifv_ws/install/ifv_interfaces/local/lib/python3.10/dist-packages/ifv_interfaces/ifv_interfaces_s__rosidl_typesupport_fastrtps_c.cpython-310-x86_64-linux-gnu.so
[0.294s] -- Up-to-date: /home/longarmape06/ifv_ws/install/ifv_interfaces/local/lib/python3.10/dist-packages/ifv_interfaces/libifv_interfaces__rosidl_generator_py.so
[0.315s] Listing '/home/longarmape06/ifv_ws/install/ifv_interfaces/local/lib/python3.10/dist-packages/ifv_interfaces'...
[0.315s] Listing '/home/longarmape06/ifv_ws/install/ifv_interfaces/local/lib/python3.10/dist-packages/ifv_interfaces/msg'...
[0.318s] -- Up-to-date: /home/longarmape06/ifv_ws/install/ifv_interfaces/local/lib/python3.10/dist-packages/ifv_interfaces/ifv_interfaces_s__rosidl_typesupport_fastrtps_c.cpython-310-x86_64-linux-gnu.so
[0.318s] -- Up-to-date: /home/longarmape06/ifv_ws/install/ifv_interfaces/local/lib/python3.10/dist-packages/ifv_interfaces/ifv_interfaces_s__rosidl_typesupport_introspection_c.cpython-310-x86_64-linux-gnu.so
[0.318s] -- Up-to-date: /home/longarmape06/ifv_ws/install/ifv_interfaces/local/lib/python3.10/dist-packages/ifv_interfaces/ifv_interfaces_s__rosidl_typesupport_c.cpython-310-x86_64-linux-gnu.so
[0.318s] -- Up-to-date: /home/longarmape06/ifv_ws/install/ifv_interfaces/lib/libifv_interfaces__rosidl_generator_py.so
[0.318s] -- Up-to-date: /home/longarmape06/ifv_ws/install/ifv_interfaces/share/ifv_interfaces/msg/Torque8dof.idl
[0.319s] -- Up-to-date: /home/longarmape06/ifv_ws/install/ifv_interfaces/share/ifv_interfaces/msg/Torque8dof.msg
[0.319s] -- Up-to-date: /home/longarmape06/ifv_ws/install/ifv_interfaces/share/ament_index/resource_index/package_run_dependencies/ifv_interfaces
[0.319s] -- Up-to-date: /home/longarmape06/ifv_ws/install/ifv_interfaces/share/ament_index/resource_index/parent_prefix_path/ifv_interfaces
[0.319s] -- Up-to-date: /home/longarmape06/ifv_ws/install/ifv_interfaces/share/ifv_interfaces/environment/ament_prefix_path.sh
[0.319s] -- Up-to-date: /home/longarmape06/ifv_ws/install/ifv_interfaces/share/ifv_interfaces/environment/ament_prefix_path.dsv
[0.319s] -- Up-to-date: /home/longarmape06/ifv_ws/install/ifv_interfaces/share/ifv_interfaces/environment/path.sh
[0.319s] -- Up-to-date: /home/longarmape06/ifv_ws/install/ifv_interfaces/share/ifv_interfaces/environment/path.dsv
[0.319s] -- Up-to-date: /home/longarmape06/ifv_ws/install/ifv_interfaces/share/ifv_interfaces/local_setup.bash
[0.320s] -- Up-to-date: /home/longarmape06/ifv_ws/install/ifv_interfaces/share/ifv_interfaces/local_setup.sh
[0.320s] -- Up-to-date: /home/longarmape06/ifv_ws/install/ifv_interfaces/share/ifv_interfaces/local_setup.zsh
[0.320s] -- Up-to-date: /home/longarmape06/ifv_ws/install/ifv_interfaces/share/ifv_interfaces/local_setup.dsv
[0.320s] -- Installing: /home/longarmape06/ifv_ws/install/ifv_interfaces/share/ifv_interfaces/package.dsv
[0.320s] -- Up-to-date: /home/longarmape06/ifv_ws/install/ifv_interfaces/share/ament_index/resource_index/packages/ifv_interfaces
[0.320s] -- Up-to-date: /home/longarmape06/ifv_ws/install/ifv_interfaces/share/ifv_interfaces/cmake/export_ifv_interfaces__rosidl_generator_cExport.cmake
[0.320s] -- Up-to-date: /home/longarmape06/ifv_ws/install/ifv_interfaces/share/ifv_interfaces/cmake/export_ifv_interfaces__rosidl_generator_cExport-noconfig.cmake
[0.320s] -- Up-to-date: /home/longarmape06/ifv_ws/install/ifv_interfaces/share/ifv_interfaces/cmake/export_ifv_interfaces__rosidl_typesupport_fastrtps_cExport.cmake
[0.320s] -- Up-to-date: /home/longarmape06/ifv_ws/install/ifv_interfaces/share/ifv_interfaces/cmake/export_ifv_interfaces__rosidl_typesupport_fastrtps_cExport-noconfig.cmake
[0.320s] -- Up-to-date: /home/longarmape06/ifv_ws/install/ifv_interfaces/share/ifv_interfaces/cmake/ifv_interfaces__rosidl_typesupport_introspection_cExport.cmake
[0.320s] -- Up-to-date: /home/longarmape06/ifv_ws/install/ifv_interfaces/share/ifv_interfaces/cmake/ifv_interfaces__rosidl_typesupport_introspection_cExport-noconfig.cmake
[0.320s] -- Up-to-date: /home/longarmape06/ifv_ws/install/ifv_interfaces/share/ifv_interfaces/cmake/ifv_interfaces__rosidl_typesupport_cExport.cmake
[0.320s] -- Up-to-date: /home/longarmape06/ifv_ws/install/ifv_interfaces/share/ifv_interfaces/cmake/ifv_interfaces__rosidl_typesupport_cExport-noconfig.cmake
[0.320s] -- Up-to-date: /home/longarmape06/ifv_ws/install/ifv_interfaces/share/ifv_interfaces/cmake/export_ifv_interfaces__rosidl_generator_cppExport.cmake
[0.321s] -- Up-to-date: /home/longarmape06/ifv_ws/install/ifv_interfaces/share/ifv_interfaces/cmake/export_ifv_interfaces__rosidl_typesupport_fastrtps_cppExport.cmake
[0.321s] -- Up-to-date: /home/longarmape06/ifv_ws/install/ifv_interfaces/share/ifv_interfaces/cmake/export_ifv_interfaces__rosidl_typesupport_fastrtps_cppExport-noconfig.cmake
[0.321s] -- Up-to-date: /home/longarmape06/ifv_ws/install/ifv_interfaces/share/ifv_interfaces/cmake/ifv_interfaces__rosidl_typesupport_introspection_cppExport.cmake
[0.321s] -- Up-to-date: /home/longarmape06/ifv_ws/install/ifv_interfaces/share/ifv_interfaces/cmake/ifv_interfaces__rosidl_typesupport_introspection_cppExport-noconfig.cmake
[0.321s] -- Up-to-date: /home/longarmape06/ifv_ws/install/ifv_interfaces/share/ifv_interfaces/cmake/ifv_interfaces__rosidl_typesupport_cppExport.cmake
[0.321s] -- Up-to-date: /home/longarmape06/ifv_ws/install/ifv_interfaces/share/ifv_interfaces/cmake/ifv_interfaces__rosidl_typesupport_cppExport-noconfig.cmake
[0.321s] -- Up-to-date: /home/longarmape06/ifv_ws/install/ifv_interfaces/share/ifv_interfaces/cmake/export_ifv_interfaces__rosidl_generator_pyExport.cmake
[0.321s] -- Up-to-date: /home/longarmape06/ifv_ws/install/ifv_interfaces/share/ifv_interfaces/cmake/export_ifv_interfaces__rosidl_generator_pyExport-noconfig.cmake
[0.321s] -- Up-to-date: /home/longarmape06/ifv_ws/install/ifv_interfaces/share/ifv_interfaces/cmake/rosidl_cmake-extras.cmake
[0.321s] -- Up-to-date: /home/longarmape06/ifv_ws/install/ifv_interfaces/share/ifv_interfaces/cmake/ament_cmake_export_include_directories-extras.cmake
[0.322s] -- Up-to-date: /home/longarmape06/ifv_ws/install/ifv_interfaces/share/ifv_interfaces/cmake/ament_cmake_export_libraries-extras.cmake
[0.322s] -- Up-to-date: /home/longarmape06/ifv_ws/install/ifv_interfaces/share/ifv_interfaces/cmake/ament_cmake_export_targets-extras.cmake
[0.322s] -- Up-to-date: /home/longarmape06/ifv_ws/install/ifv_interfaces/share/ifv_interfaces/cmake/rosidl_cmake_export_typesupport_targets-extras.cmake
[0.322s] -- Up-to-date: /home/longarmape06/ifv_ws/install/ifv_interfaces/share/ifv_interfaces/cmake/ament_cmake_export_dependencies-extras.cmake
[0.322s] -- Up-to-date: /home/longarmape06/ifv_ws/install/ifv_interfaces/share/ifv_interfaces/cmake/rosidl_cmake_export_typesupport_libraries-extras.cmake
[0.322s] -- Up-to-date: /home/longarmape06/ifv_ws/install/ifv_interfaces/share/ifv_interfaces/cmake/ifv_interfacesConfig.cmake
[0.322s] -- Up-to-date: /home/longarmape06/ifv_ws/install/ifv_interfaces/share/ifv_interfaces/cmake/ifv_interfacesConfig-version.cmake
[0.322s] -- Up-to-date: /home/longarmape06/ifv_ws/install/ifv_interfaces/share/ifv_interfaces/package.xml
[0.323s] Invoked command in '/home/longarmape06/ifv_ws/build/ifv_interfaces' returned '0': CMAKE_PREFIX_PATH=/opt/ros/humble /usr/bin/cmake --install /home/longarmape06/ifv_ws/build/ifv_interfaces
