-- The C compiler identification is GNU 11.2.0
-- The CXX compiler identification is GNU 11.2.0
-- Detecting C compiler ABI info
-- Detecting C compiler ABI info - done
-- Check for working C compiler: /usr/bin/cc - skipped
-- Detecting C compile features
-- Detecting C compile features - done
-- Detecting CXX compiler ABI info
-- Detecting CXX compiler ABI info - done
-- Check for working CXX compiler: /usr/bin/c++ - skipped
-- Detecting CXX compile features
-- Detecting CXX compile features - done
-- Found ament_cmake: 1.3.2 (/opt/ros/humble/share/ament_cmake/cmake)
-- Found Python3: /usr/bin/python3.10 (found version "3.10.4") found components: Interpreter 
-- Found rosidl_default_generators: 1.2.0 (/opt/ros/humble/share/rosidl_default_generators/cmake)
-- Using all available rosidl_typesupport_c: rosidl_typesupport_fastrtps_c;rosidl_typesupport_introspection_c
-- Found rosidl_adapter: 3.1.3 (/opt/ros/humble/share/rosidl_adapter/cmake)
-- Using all available rosidl_typesupport_cpp: rosidl_typesupport_fastrtps_cpp;rosidl_typesupport_introspection_cpp
-- Found ament_cmake_ros: 0.10.0 (/opt/ros/humble/share/ament_cmake_ros/cmake)
-- Using all available rosidl_typesupport_c: rosidl_typesupport_fastrtps_c;rosidl_typesupport_introspection_c
-- Using all available rosidl_typesupport_cpp: rosidl_typesupport_fastrtps_cpp;rosidl_typesupport_introspection_cpp
-- Found PythonInterp: /usr/bin/python3 (found suitable version "3.10.4", minimum required is "3.6") 
-- Found python_cmake_module: 0.10.0 (/opt/ros/humble/share/python_cmake_module/cmake)
-- Found PythonLibs: /usr/lib/x86_64-linux-gnu/libpython3.10.so (found suitable version "3.10.4", minimum required is "3.5") 
-- Using PYTHON_EXECUTABLE: /usr/bin/python3
-- Using PYTHON_INCLUDE_DIRS: /usr/include/python3.10
-- Using PYTHON_LIBRARIES: /usr/lib/x86_64-linux-gnu/libpython3.10.so
-- Found PythonExtra: .so  
-- Found ament_lint_auto: 0.12.4 (/opt/ros/humble/share/ament_lint_auto/cmake)
-- Added test 'lint_cmake' to check CMake code style
-- Added test 'xmllint' to check XML markup files
-- Configuring done
-- Generating done
-- Build files have been written to: /home/longarmape06/ifv_ws/build/ifv_interfaces
[  3%] [34m[1mGenerating C code for ROS interfaces[0m
[  6%] [34m[1mGenerating C++ code for ROS interfaces[0m
[  6%] Built target ament_cmake_python_copy_ifv_interfaces
[  6%] Built target ifv_interfaces__cpp
[  9%] [32mBuilding C object CMakeFiles/ifv_interfaces__rosidl_generator_c.dir/rosidl_generator_c/ifv_interfaces/msg/detail/torque8dof__functions.c.o[0m
running egg_info
creating ifv_interfaces.egg-info
writing ifv_interfaces.egg-info/PKG-INFO
writing dependency_links to ifv_interfaces.egg-info/dependency_links.txt
writing top-level names to ifv_interfaces.egg-info/top_level.txt
writing manifest file 'ifv_interfaces.egg-info/SOURCES.txt'
reading manifest file 'ifv_interfaces.egg-info/SOURCES.txt'
writing manifest file 'ifv_interfaces.egg-info/SOURCES.txt'
[ 19%] [34m[1mGenerating C++ type support dispatch for ROS interfaces[0m
[ 19%] [34m[1mGenerating C++ introspection for ROS interfaces[0m
[ 19%] [34m[1mGenerating C++ type support for eProsima Fast-RTPS[0m
[ 19%] Built target ament_cmake_python_build_ifv_interfaces_egg
[ 22%] [32m[1mLinking C shared library libifv_interfaces__rosidl_generator_c.so[0m
[ 22%] Built target ifv_interfaces__rosidl_generator_c
[ 32%] [34m[1mGenerating C introspection for ROS interfaces[0m
[ 32%] [34m[1mGenerating C type support dispatch for ROS interfaces[0m
[ 32%] [34m[1mGenerating C type support for eProsima Fast-RTPS[0m
[ 35%] [32mBuilding CXX object CMakeFiles/ifv_interfaces__rosidl_typesupport_cpp.dir/rosidl_typesupport_cpp/ifv_interfaces/msg/torque8dof__type_support.cpp.o[0m
[ 38%] [32mBuilding CXX object CMakeFiles/ifv_interfaces__rosidl_typesupport_introspection_cpp.dir/rosidl_typesupport_introspection_cpp/ifv_interfaces/msg/detail/torque8dof__type_support.cpp.o[0m
[ 41%] [32mBuilding CXX object CMakeFiles/ifv_interfaces__rosidl_typesupport_fastrtps_cpp.dir/rosidl_typesupport_fastrtps_cpp/ifv_interfaces/msg/detail/dds_fastrtps/torque8dof__type_support.cpp.o[0m
[ 45%] [32mBuilding CXX object CMakeFiles/ifv_interfaces__rosidl_typesupport_c.dir/rosidl_typesupport_c/ifv_interfaces/msg/torque8dof__type_support.cpp.o[0m
[ 48%] [32mBuilding CXX object CMakeFiles/ifv_interfaces__rosidl_typesupport_fastrtps_c.dir/rosidl_typesupport_fastrtps_c/ifv_interfaces/msg/detail/torque8dof__type_support_c.cpp.o[0m
[ 54%] [32mBuilding C object CMakeFiles/ifv_interfaces__rosidl_typesupport_introspection_c.dir/rosidl_typesupport_introspection_c/ifv_interfaces/msg/detail/torque8dof__type_support.c.o[0m
[ 54%] [32m[1mLinking CXX shared library libifv_interfaces__rosidl_typesupport_c.so[0m
[ 58%] [32m[1mLinking C shared library libifv_interfaces__rosidl_typesupport_introspection_c.so[0m
[ 58%] Built target ifv_interfaces__rosidl_typesupport_c
[ 58%] Built target ifv_interfaces__rosidl_typesupport_introspection_c
[ 61%] [32m[1mLinking CXX shared library libifv_interfaces__rosidl_typesupport_cpp.so[0m
[ 61%] Built target ifv_interfaces__rosidl_typesupport_cpp
[ 64%] [32m[1mLinking CXX shared library libifv_interfaces__rosidl_typesupport_introspection_cpp.so[0m
[ 64%] Built target ifv_interfaces__rosidl_typesupport_introspection_cpp
[ 67%] [32m[1mLinking CXX shared library libifv_interfaces__rosidl_typesupport_fastrtps_c.so[0m
[ 70%] [32m[1mLinking CXX shared library libifv_interfaces__rosidl_typesupport_fastrtps_cpp.so[0m
[ 70%] Built target ifv_interfaces__rosidl_typesupport_fastrtps_cpp
[ 70%] Built target ifv_interfaces__rosidl_typesupport_fastrtps_c
[ 70%] Built target ifv_interfaces
[ 74%] [34m[1mGenerating Python code for ROS interfaces[0m
[ 74%] Built target ifv_interfaces__py
[ 77%] [32mBuilding C object CMakeFiles/ifv_interfaces__rosidl_generator_py.dir/rosidl_generator_py/ifv_interfaces/msg/_torque8dof_s.c.o[0m
[ 80%] [32m[1mLinking C shared library rosidl_generator_py/ifv_interfaces/libifv_interfaces__rosidl_generator_py.so[0m
[ 80%] Built target ifv_interfaces__rosidl_generator_py
[ 87%] [32mBuilding C object CMakeFiles/ifv_interfaces__rosidl_typesupport_introspection_c__pyext.dir/rosidl_generator_py/ifv_interfaces/_ifv_interfaces_s.ep.rosidl_typesupport_introspection_c.c.o[0m
[ 87%] [32mBuilding C object CMakeFiles/ifv_interfaces__rosidl_typesupport_c__pyext.dir/rosidl_generator_py/ifv_interfaces/_ifv_interfaces_s.ep.rosidl_typesupport_c.c.o[0m
[ 90%] [32mBuilding C object CMakeFiles/ifv_interfaces__rosidl_typesupport_fastrtps_c__pyext.dir/rosidl_generator_py/ifv_interfaces/_ifv_interfaces_s.ep.rosidl_typesupport_fastrtps_c.c.o[0m
[ 96%] [32m[1mLinking C shared library rosidl_generator_py/ifv_interfaces/ifv_interfaces_s__rosidl_typesupport_introspection_c.cpython-310-x86_64-linux-gnu.so[0m
[ 96%] [32m[1mLinking C shared library rosidl_generator_py/ifv_interfaces/ifv_interfaces_s__rosidl_typesupport_c.cpython-310-x86_64-linux-gnu.so[0m
[100%] [32m[1mLinking C shared library rosidl_generator_py/ifv_interfaces/ifv_interfaces_s__rosidl_typesupport_fastrtps_c.cpython-310-x86_64-linux-gnu.so[0m
[100%] Built target ifv_interfaces__rosidl_typesupport_c__pyext
[100%] Built target ifv_interfaces__rosidl_typesupport_introspection_c__pyext
[100%] Built target ifv_interfaces__rosidl_typesupport_fastrtps_c__pyext
-- Install configuration: ""
-- Installing: /home/longarmape06/ifv_ws/install/ifv_interfaces/share/ament_index/resource_index/rosidl_interfaces/ifv_interfaces
-- Installing: /home/longarmape06/ifv_ws/install/ifv_interfaces/include/ifv_interfaces/ifv_interfaces
-- Installing: /home/longarmape06/ifv_ws/install/ifv_interfaces/include/ifv_interfaces/ifv_interfaces/msg
-- Installing: /home/longarmape06/ifv_ws/install/ifv_interfaces/include/ifv_interfaces/ifv_interfaces/msg/detail
-- Installing: /home/longarmape06/ifv_ws/install/ifv_interfaces/include/ifv_interfaces/ifv_interfaces/msg/detail/torque8dof__functions.h
-- Installing: /home/longarmape06/ifv_ws/install/ifv_interfaces/include/ifv_interfaces/ifv_interfaces/msg/detail/torque8dof__functions.c
-- Installing: /home/longarmape06/ifv_ws/install/ifv_interfaces/include/ifv_interfaces/ifv_interfaces/msg/detail/torque8dof__struct.h
-- Installing: /home/longarmape06/ifv_ws/install/ifv_interfaces/include/ifv_interfaces/ifv_interfaces/msg/detail/torque8dof__type_support.h
-- Installing: /home/longarmape06/ifv_ws/install/ifv_interfaces/include/ifv_interfaces/ifv_interfaces/msg/rosidl_generator_c__visibility_control.h
-- Installing: /home/longarmape06/ifv_ws/install/ifv_interfaces/include/ifv_interfaces/ifv_interfaces/msg/torque8dof.h
-- Installing: /home/longarmape06/ifv_ws/install/ifv_interfaces/share/ifv_interfaces/environment/library_path.sh
-- Installing: /home/longarmape06/ifv_ws/install/ifv_interfaces/share/ifv_interfaces/environment/library_path.dsv
-- Installing: /home/longarmape06/ifv_ws/install/ifv_interfaces/lib/libifv_interfaces__rosidl_generator_c.so
-- Up-to-date: /home/longarmape06/ifv_ws/install/ifv_interfaces/include/ifv_interfaces/ifv_interfaces
-- Up-to-date: /home/longarmape06/ifv_ws/install/ifv_interfaces/include/ifv_interfaces/ifv_interfaces/msg
-- Up-to-date: /home/longarmape06/ifv_ws/install/ifv_interfaces/include/ifv_interfaces/ifv_interfaces/msg/detail
-- Installing: /home/longarmape06/ifv_ws/install/ifv_interfaces/include/ifv_interfaces/ifv_interfaces/msg/detail/torque8dof__rosidl_typesupport_fastrtps_c.h
-- Installing: /home/longarmape06/ifv_ws/install/ifv_interfaces/include/ifv_interfaces/ifv_interfaces/msg/rosidl_typesupport_fastrtps_c__visibility_control.h
-- Installing: /home/longarmape06/ifv_ws/install/ifv_interfaces/lib/libifv_interfaces__rosidl_typesupport_fastrtps_c.so
-- Set runtime path of "/home/longarmape06/ifv_ws/install/ifv_interfaces/lib/libifv_interfaces__rosidl_typesupport_fastrtps_c.so" to ""
-- Up-to-date: /home/longarmape06/ifv_ws/install/ifv_interfaces/include/ifv_interfaces/ifv_interfaces
-- Up-to-date: /home/longarmape06/ifv_ws/install/ifv_interfaces/include/ifv_interfaces/ifv_interfaces/msg
-- Up-to-date: /home/longarmape06/ifv_ws/install/ifv_interfaces/include/ifv_interfaces/ifv_interfaces/msg/detail
-- Installing: /home/longarmape06/ifv_ws/install/ifv_interfaces/include/ifv_interfaces/ifv_interfaces/msg/detail/torque8dof__type_support.c
-- Installing: /home/longarmape06/ifv_ws/install/ifv_interfaces/include/ifv_interfaces/ifv_interfaces/msg/detail/torque8dof__rosidl_typesupport_introspection_c.h
-- Installing: /home/longarmape06/ifv_ws/install/ifv_interfaces/include/ifv_interfaces/ifv_interfaces/msg/rosidl_typesupport_introspection_c__visibility_control.h
-- Installing: /home/longarmape06/ifv_ws/install/ifv_interfaces/lib/libifv_interfaces__rosidl_typesupport_introspection_c.so
-- Set runtime path of "/home/longarmape06/ifv_ws/install/ifv_interfaces/lib/libifv_interfaces__rosidl_typesupport_introspection_c.so" to ""
-- Installing: /home/longarmape06/ifv_ws/install/ifv_interfaces/lib/libifv_interfaces__rosidl_typesupport_c.so
-- Set runtime path of "/home/longarmape06/ifv_ws/install/ifv_interfaces/lib/libifv_interfaces__rosidl_typesupport_c.so" to ""
-- Up-to-date: /home/longarmape06/ifv_ws/install/ifv_interfaces/include/ifv_interfaces/ifv_interfaces
-- Up-to-date: /home/longarmape06/ifv_ws/install/ifv_interfaces/include/ifv_interfaces/ifv_interfaces/msg
-- Up-to-date: /home/longarmape06/ifv_ws/install/ifv_interfaces/include/ifv_interfaces/ifv_interfaces/msg/detail
-- Installing: /home/longarmape06/ifv_ws/install/ifv_interfaces/include/ifv_interfaces/ifv_interfaces/msg/detail/torque8dof__builder.hpp
-- Installing: /home/longarmape06/ifv_ws/install/ifv_interfaces/include/ifv_interfaces/ifv_interfaces/msg/detail/torque8dof__traits.hpp
-- Installing: /home/longarmape06/ifv_ws/install/ifv_interfaces/include/ifv_interfaces/ifv_interfaces/msg/detail/torque8dof__struct.hpp
-- Installing: /home/longarmape06/ifv_ws/install/ifv_interfaces/include/ifv_interfaces/ifv_interfaces/msg/torque8dof.hpp
-- Up-to-date: /home/longarmape06/ifv_ws/install/ifv_interfaces/include/ifv_interfaces/ifv_interfaces
-- Up-to-date: /home/longarmape06/ifv_ws/install/ifv_interfaces/include/ifv_interfaces/ifv_interfaces/msg
-- Up-to-date: /home/longarmape06/ifv_ws/install/ifv_interfaces/include/ifv_interfaces/ifv_interfaces/msg/detail
-- Installing: /home/longarmape06/ifv_ws/install/ifv_interfaces/include/ifv_interfaces/ifv_interfaces/msg/detail/torque8dof__rosidl_typesupport_fastrtps_cpp.hpp
-- Installing: /home/longarmape06/ifv_ws/install/ifv_interfaces/include/ifv_interfaces/ifv_interfaces/msg/detail/dds_fastrtps
-- Installing: /home/longarmape06/ifv_ws/install/ifv_interfaces/include/ifv_interfaces/ifv_interfaces/msg/rosidl_typesupport_fastrtps_cpp__visibility_control.h
-- Installing: /home/longarmape06/ifv_ws/install/ifv_interfaces/lib/libifv_interfaces__rosidl_typesupport_fastrtps_cpp.so
-- Up-to-date: /home/longarmape06/ifv_ws/install/ifv_interfaces/include/ifv_interfaces/ifv_interfaces
-- Up-to-date: /home/longarmape06/ifv_ws/install/ifv_interfaces/include/ifv_interfaces/ifv_interfaces/msg
-- Up-to-date: /home/longarmape06/ifv_ws/install/ifv_interfaces/include/ifv_interfaces/ifv_interfaces/msg/detail
-- Installing: /home/longarmape06/ifv_ws/install/ifv_interfaces/include/ifv_interfaces/ifv_interfaces/msg/detail/torque8dof__rosidl_typesupport_introspection_cpp.hpp
-- Installing: /home/longarmape06/ifv_ws/install/ifv_interfaces/include/ifv_interfaces/ifv_interfaces/msg/detail/torque8dof__type_support.cpp
-- Installing: /home/longarmape06/ifv_ws/install/ifv_interfaces/lib/libifv_interfaces__rosidl_typesupport_introspection_cpp.so
-- Installing: /home/longarmape06/ifv_ws/install/ifv_interfaces/lib/libifv_interfaces__rosidl_typesupport_cpp.so
-- Installing: /home/longarmape06/ifv_ws/install/ifv_interfaces/share/ifv_interfaces/environment/pythonpath.sh
-- Installing: /home/longarmape06/ifv_ws/install/ifv_interfaces/share/ifv_interfaces/environment/pythonpath.dsv
-- Installing: /home/longarmape06/ifv_ws/install/ifv_interfaces/local/lib/python3.10/dist-packages/ifv_interfaces-0.0.0-py3.10.egg-info
-- Installing: /home/longarmape06/ifv_ws/install/ifv_interfaces/local/lib/python3.10/dist-packages/ifv_interfaces-0.0.0-py3.10.egg-info/PKG-INFO
-- Installing: /home/longarmape06/ifv_ws/install/ifv_interfaces/local/lib/python3.10/dist-packages/ifv_interfaces-0.0.0-py3.10.egg-info/top_level.txt
-- Installing: /home/longarmape06/ifv_ws/install/ifv_interfaces/local/lib/python3.10/dist-packages/ifv_interfaces-0.0.0-py3.10.egg-info/SOURCES.txt
-- Installing: /home/longarmape06/ifv_ws/install/ifv_interfaces/local/lib/python3.10/dist-packages/ifv_interfaces-0.0.0-py3.10.egg-info/dependency_links.txt
-- Installing: /home/longarmape06/ifv_ws/install/ifv_interfaces/local/lib/python3.10/dist-packages/ifv_interfaces
-- Installing: /home/longarmape06/ifv_ws/install/ifv_interfaces/local/lib/python3.10/dist-packages/ifv_interfaces/ifv_interfaces_s__rosidl_typesupport_c.cpython-310-x86_64-linux-gnu.so
-- Installing: /home/longarmape06/ifv_ws/install/ifv_interfaces/local/lib/python3.10/dist-packages/ifv_interfaces/_ifv_interfaces_s.ep.rosidl_typesupport_fastrtps_c.c
-- Installing: /home/longarmape06/ifv_ws/install/ifv_interfaces/local/lib/python3.10/dist-packages/ifv_interfaces/msg
-- Installing: /home/longarmape06/ifv_ws/install/ifv_interfaces/local/lib/python3.10/dist-packages/ifv_interfaces/msg/_torque8dof_s.c
-- Installing: /home/longarmape06/ifv_ws/install/ifv_interfaces/local/lib/python3.10/dist-packages/ifv_interfaces/msg/__init__.py
-- Installing: /home/longarmape06/ifv_ws/install/ifv_interfaces/local/lib/python3.10/dist-packages/ifv_interfaces/msg/_torque8dof.py
-- Installing: /home/longarmape06/ifv_ws/install/ifv_interfaces/local/lib/python3.10/dist-packages/ifv_interfaces/__init__.py
-- Installing: /home/longarmape06/ifv_ws/install/ifv_interfaces/local/lib/python3.10/dist-packages/ifv_interfaces/_ifv_interfaces_s.ep.rosidl_typesupport_introspection_c.c
-- Installing: /home/longarmape06/ifv_ws/install/ifv_interfaces/local/lib/python3.10/dist-packages/ifv_interfaces/_ifv_interfaces_s.ep.rosidl_typesupport_c.c
-- Installing: /home/longarmape06/ifv_ws/install/ifv_interfaces/local/lib/python3.10/dist-packages/ifv_interfaces/ifv_interfaces_s__rosidl_typesupport_introspection_c.cpython-310-x86_64-linux-gnu.so
-- Installing: /home/longarmape06/ifv_ws/install/ifv_interfaces/local/lib/python3.10/dist-packages/ifv_interfaces/ifv_interfaces_s__rosidl_typesupport_fastrtps_c.cpython-310-x86_64-linux-gnu.so
-- Installing: /home/longarmape06/ifv_ws/install/ifv_interfaces/local/lib/python3.10/dist-packages/ifv_interfaces/libifv_interfaces__rosidl_generator_py.so
Listing '/home/longarmape06/ifv_ws/install/ifv_interfaces/local/lib/python3.10/dist-packages/ifv_interfaces'...
Compiling '/home/longarmape06/ifv_ws/install/ifv_interfaces/local/lib/python3.10/dist-packages/ifv_interfaces/__init__.py'...
Listing '/home/longarmape06/ifv_ws/install/ifv_interfaces/local/lib/python3.10/dist-packages/ifv_interfaces/msg'...
Compiling '/home/longarmape06/ifv_ws/install/ifv_interfaces/local/lib/python3.10/dist-packages/ifv_interfaces/msg/__init__.py'...
Compiling '/home/longarmape06/ifv_ws/install/ifv_interfaces/local/lib/python3.10/dist-packages/ifv_interfaces/msg/_torque8dof.py'...
-- Installing: /home/longarmape06/ifv_ws/install/ifv_interfaces/local/lib/python3.10/dist-packages/ifv_interfaces/ifv_interfaces_s__rosidl_typesupport_fastrtps_c.cpython-310-x86_64-linux-gnu.so
-- Set runtime path of "/home/longarmape06/ifv_ws/install/ifv_interfaces/local/lib/python3.10/dist-packages/ifv_interfaces/ifv_interfaces_s__rosidl_typesupport_fastrtps_c.cpython-310-x86_64-linux-gnu.so" to ""
-- Installing: /home/longarmape06/ifv_ws/install/ifv_interfaces/local/lib/python3.10/dist-packages/ifv_interfaces/ifv_interfaces_s__rosidl_typesupport_introspection_c.cpython-310-x86_64-linux-gnu.so
-- Set runtime path of "/home/longarmape06/ifv_ws/install/ifv_interfaces/local/lib/python3.10/dist-packages/ifv_interfaces/ifv_interfaces_s__rosidl_typesupport_introspection_c.cpython-310-x86_64-linux-gnu.so" to ""
-- Installing: /home/longarmape06/ifv_ws/install/ifv_interfaces/local/lib/python3.10/dist-packages/ifv_interfaces/ifv_interfaces_s__rosidl_typesupport_c.cpython-310-x86_64-linux-gnu.so
-- Set runtime path of "/home/longarmape06/ifv_ws/install/ifv_interfaces/local/lib/python3.10/dist-packages/ifv_interfaces/ifv_interfaces_s__rosidl_typesupport_c.cpython-310-x86_64-linux-gnu.so" to ""
-- Installing: /home/longarmape06/ifv_ws/install/ifv_interfaces/lib/libifv_interfaces__rosidl_generator_py.so
-- Set runtime path of "/home/longarmape06/ifv_ws/install/ifv_interfaces/lib/libifv_interfaces__rosidl_generator_py.so" to ""
-- Installing: /home/longarmape06/ifv_ws/install/ifv_interfaces/share/ifv_interfaces/msg/Torque8dof.idl
-- Installing: /home/longarmape06/ifv_ws/install/ifv_interfaces/share/ifv_interfaces/msg/Torque8dof.msg
-- Installing: /home/longarmape06/ifv_ws/install/ifv_interfaces/share/ament_index/resource_index/package_run_dependencies/ifv_interfaces
-- Installing: /home/longarmape06/ifv_ws/install/ifv_interfaces/share/ament_index/resource_index/parent_prefix_path/ifv_interfaces
-- Installing: /home/longarmape06/ifv_ws/install/ifv_interfaces/share/ifv_interfaces/environment/ament_prefix_path.sh
-- Installing: /home/longarmape06/ifv_ws/install/ifv_interfaces/share/ifv_interfaces/environment/ament_prefix_path.dsv
-- Installing: /home/longarmape06/ifv_ws/install/ifv_interfaces/share/ifv_interfaces/environment/path.sh
-- Installing: /home/longarmape06/ifv_ws/install/ifv_interfaces/share/ifv_interfaces/environment/path.dsv
-- Installing: /home/longarmape06/ifv_ws/install/ifv_interfaces/share/ifv_interfaces/local_setup.bash
-- Installing: /home/longarmape06/ifv_ws/install/ifv_interfaces/share/ifv_interfaces/local_setup.sh
-- Installing: /home/longarmape06/ifv_ws/install/ifv_interfaces/share/ifv_interfaces/local_setup.zsh
-- Installing: /home/longarmape06/ifv_ws/install/ifv_interfaces/share/ifv_interfaces/local_setup.dsv
-- Installing: /home/longarmape06/ifv_ws/install/ifv_interfaces/share/ifv_interfaces/package.dsv
-- Installing: /home/longarmape06/ifv_ws/install/ifv_interfaces/share/ament_index/resource_index/packages/ifv_interfaces
-- Installing: /home/longarmape06/ifv_ws/install/ifv_interfaces/share/ifv_interfaces/cmake/export_ifv_interfaces__rosidl_generator_cExport.cmake
-- Installing: /home/longarmape06/ifv_ws/install/ifv_interfaces/share/ifv_interfaces/cmake/export_ifv_interfaces__rosidl_generator_cExport-noconfig.cmake
-- Installing: /home/longarmape06/ifv_ws/install/ifv_interfaces/share/ifv_interfaces/cmake/export_ifv_interfaces__rosidl_typesupport_fastrtps_cExport.cmake
-- Installing: /home/longarmape06/ifv_ws/install/ifv_interfaces/share/ifv_interfaces/cmake/export_ifv_interfaces__rosidl_typesupport_fastrtps_cExport-noconfig.cmake
-- Installing: /home/longarmape06/ifv_ws/install/ifv_interfaces/share/ifv_interfaces/cmake/ifv_interfaces__rosidl_typesupport_introspection_cExport.cmake
-- Installing: /home/longarmape06/ifv_ws/install/ifv_interfaces/share/ifv_interfaces/cmake/ifv_interfaces__rosidl_typesupport_introspection_cExport-noconfig.cmake
-- Installing: /home/longarmape06/ifv_ws/install/ifv_interfaces/share/ifv_interfaces/cmake/ifv_interfaces__rosidl_typesupport_cExport.cmake
-- Installing: /home/longarmape06/ifv_ws/install/ifv_interfaces/share/ifv_interfaces/cmake/ifv_interfaces__rosidl_typesupport_cExport-noconfig.cmake
-- Installing: /home/longarmape06/ifv_ws/install/ifv_interfaces/share/ifv_interfaces/cmake/export_ifv_interfaces__rosidl_generator_cppExport.cmake
-- Installing: /home/longarmape06/ifv_ws/install/ifv_interfaces/share/ifv_interfaces/cmake/export_ifv_interfaces__rosidl_typesupport_fastrtps_cppExport.cmake
-- Installing: /home/longarmape06/ifv_ws/install/ifv_interfaces/share/ifv_interfaces/cmake/export_ifv_interfaces__rosidl_typesupport_fastrtps_cppExport-noconfig.cmake
-- Installing: /home/longarmape06/ifv_ws/install/ifv_interfaces/share/ifv_interfaces/cmake/ifv_interfaces__rosidl_typesupport_introspection_cppExport.cmake
-- Installing: /home/longarmape06/ifv_ws/install/ifv_interfaces/share/ifv_interfaces/cmake/ifv_interfaces__rosidl_typesupport_introspection_cppExport-noconfig.cmake
-- Installing: /home/longarmape06/ifv_ws/install/ifv_interfaces/share/ifv_interfaces/cmake/ifv_interfaces__rosidl_typesupport_cppExport.cmake
-- Installing: /home/longarmape06/ifv_ws/install/ifv_interfaces/share/ifv_interfaces/cmake/ifv_interfaces__rosidl_typesupport_cppExport-noconfig.cmake
-- Installing: /home/longarmape06/ifv_ws/install/ifv_interfaces/share/ifv_interfaces/cmake/export_ifv_interfaces__rosidl_generator_pyExport.cmake
-- Installing: /home/longarmape06/ifv_ws/install/ifv_interfaces/share/ifv_interfaces/cmake/export_ifv_interfaces__rosidl_generator_pyExport-noconfig.cmake
-- Installing: /home/longarmape06/ifv_ws/install/ifv_interfaces/share/ifv_interfaces/cmake/rosidl_cmake-extras.cmake
-- Installing: /home/longarmape06/ifv_ws/install/ifv_interfaces/share/ifv_interfaces/cmake/ament_cmake_export_include_directories-extras.cmake
-- Installing: /home/longarmape06/ifv_ws/install/ifv_interfaces/share/ifv_interfaces/cmake/ament_cmake_export_libraries-extras.cmake
-- Installing: /home/longarmape06/ifv_ws/install/ifv_interfaces/share/ifv_interfaces/cmake/ament_cmake_export_targets-extras.cmake
-- Installing: /home/longarmape06/ifv_ws/install/ifv_interfaces/share/ifv_interfaces/cmake/rosidl_cmake_export_typesupport_targets-extras.cmake
-- Installing: /home/longarmape06/ifv_ws/install/ifv_interfaces/share/ifv_interfaces/cmake/ament_cmake_export_dependencies-extras.cmake
-- Installing: /home/longarmape06/ifv_ws/install/ifv_interfaces/share/ifv_interfaces/cmake/rosidl_cmake_export_typesupport_libraries-extras.cmake
-- Installing: /home/longarmape06/ifv_ws/install/ifv_interfaces/share/ifv_interfaces/cmake/ifv_interfacesConfig.cmake
-- Installing: /home/longarmape06/ifv_ws/install/ifv_interfaces/share/ifv_interfaces/cmake/ifv_interfacesConfig-version.cmake
-- Installing: /home/longarmape06/ifv_ws/install/ifv_interfaces/share/ifv_interfaces/package.xml
