[ 50%] Built target ifv_listener
[100%] Built target applytorque
-- Install configuration: ""
-- Up-to-date: /home/longarmape06/ifv_ws/install/ifv_pkg/lib/ifv_pkg/ifv_listener
-- Up-to-date: /home/longarmape06/ifv_ws/install/ifv_pkg/share/ifv_pkg/launch
-- Installing: /home/longarmape06/ifv_ws/install/ifv_pkg/share/ifv_pkg/launch/mylaunch.py
-- Up-to-date: /home/longarmape06/ifv_ws/install/ifv_pkg/share/ifv_pkg/world
-- Up-to-date: /home/longarmape06/ifv_ws/install/ifv_pkg/share/ifv_pkg/world/IFVsim.world
-- Up-to-date: /home/longarmape06/ifv_ws/install/ifv_pkg/share/ament_index/resource_index/package_run_dependencies/ifv_pkg
-- Up-to-date: /home/longarmape06/ifv_ws/install/ifv_pkg/share/ament_index/resource_index/parent_prefix_path/ifv_pkg
-- Up-to-date: /home/longarmape06/ifv_ws/install/ifv_pkg/share/ifv_pkg/environment/ament_prefix_path.sh
-- Up-to-date: /home/longarmape06/ifv_ws/install/ifv_pkg/share/ifv_pkg/environment/ament_prefix_path.dsv
-- Up-to-date: /home/longarmape06/ifv_ws/install/ifv_pkg/share/ifv_pkg/environment/path.sh
-- Up-to-date: /home/longarmape06/ifv_ws/install/ifv_pkg/share/ifv_pkg/environment/path.dsv
-- Up-to-date: /home/longarmape06/ifv_ws/install/ifv_pkg/share/ifv_pkg/local_setup.bash
-- Up-to-date: /home/longarmape06/ifv_ws/install/ifv_pkg/share/ifv_pkg/local_setup.sh
-- Up-to-date: /home/longarmape06/ifv_ws/install/ifv_pkg/share/ifv_pkg/local_setup.zsh
-- Up-to-date: /home/longarmape06/ifv_ws/install/ifv_pkg/share/ifv_pkg/local_setup.dsv
-- Installing: /home/longarmape06/ifv_ws/install/ifv_pkg/share/ifv_pkg/package.dsv
-- Up-to-date: /home/longarmape06/ifv_ws/install/ifv_pkg/share/ament_index/resource_index/packages/ifv_pkg
-- Up-to-date: /home/longarmape06/ifv_ws/install/ifv_pkg/share/ifv_pkg/cmake/ifv_pkgConfig.cmake
-- Up-to-date: /home/longarmape06/ifv_ws/install/ifv_pkg/share/ifv_pkg/cmake/ifv_pkgConfig-version.cmake
-- Up-to-date: /home/longarmape06/ifv_ws/install/ifv_pkg/share/ifv_pkg/package.xml
