[0.010s] Invoking command in '/home/longarmape06/ifv_ws/build/ifv_pkg': CMAKE_PREFIX_PATH=/home/longarmape06/ifv_ws/install/ifv_interfaces:/home/longarmape06/ifv_ws/install/ifv_pkg:/opt/ros/humble LD_LIBRARY_PATH=/home/longarmape06/ifv_ws/install/ifv_interfaces/lib:/usr/lib/x86_64-linux-gnu/gazebo-11/plugins:/opt/ros/humble/opt/rviz_ogre_vendor/lib:/opt/ros/humble/lib/x86_64-linux-gnu:/opt/ros/humble/lib:/opt/ros/humble/lib /usr/bin/cmake --build /home/longarmape06/ifv_ws/build/ifv_pkg -- -j16 -l16
[0.048s] [ 50%] Built target ifv_listener
[0.058s] [100%] Built target applytorque
[0.064s] Invoked command in '/home/longarmape06/ifv_ws/build/ifv_pkg' returned '0': CMAKE_PREFIX_PATH=/home/longarmape06/ifv_ws/install/ifv_interfaces:/home/longarmape06/ifv_ws/install/ifv_pkg:/opt/ros/humble LD_LIBRARY_PATH=/home/longarmape06/ifv_ws/install/ifv_interfaces/lib:/usr/lib/x86_64-linux-gnu/gazebo-11/plugins:/opt/ros/humble/opt/rviz_ogre_vendor/lib:/opt/ros/humble/lib/x86_64-linux-gnu:/opt/ros/humble/lib:/opt/ros/humble/lib /usr/bin/cmake --build /home/longarmape06/ifv_ws/build/ifv_pkg -- -j16 -l16
[0.082s] Invoking command in '/home/longarmape06/ifv_ws/build/ifv_pkg': CMAKE_PREFIX_PATH=/home/longarmape06/ifv_ws/install/ifv_interfaces:/home/longarmape06/ifv_ws/install/ifv_pkg:/opt/ros/humble LD_LIBRARY_PATH=/home/longarmape06/ifv_ws/install/ifv_interfaces/lib:/usr/lib/x86_64-linux-gnu/gazebo-11/plugins:/opt/ros/humble/opt/rviz_ogre_vendor/lib:/opt/ros/humble/lib/x86_64-linux-gnu:/opt/ros/humble/lib:/opt/ros/humble/lib /usr/bin/cmake --install /home/longarmape06/ifv_ws/build/ifv_pkg
[0.086s] -- Install configuration: ""
[0.087s] -- Up-to-date: /home/longarmape06/ifv_ws/install/ifv_pkg/lib/ifv_pkg/ifv_listener
[0.087s] -- Up-to-date: /home/longarmape06/ifv_ws/install/ifv_pkg/share/ifv_pkg/launch
[0.087s] -- Up-to-date: /home/longarmape06/ifv_ws/install/ifv_pkg/share/ifv_pkg/launch/mylaunch.py
[0.087s] -- Up-to-date: /home/longarmape06/ifv_ws/install/ifv_pkg/share/ifv_pkg/world
[0.087s] -- Installing: /home/longarmape06/ifv_ws/install/ifv_pkg/share/ifv_pkg/world/IFVsim.world
[0.087s] -- Up-to-date: /home/longarmape06/ifv_ws/install/ifv_pkg/share/ament_index/resource_index/package_run_dependencies/ifv_pkg
[0.088s] -- Up-to-date: /home/longarmape06/ifv_ws/install/ifv_pkg/share/ament_index/resource_index/parent_prefix_path/ifv_pkg
[0.088s] -- Up-to-date: /home/longarmape06/ifv_ws/install/ifv_pkg/share/ifv_pkg/environment/ament_prefix_path.sh
[0.088s] -- Up-to-date: /home/longarmape06/ifv_ws/install/ifv_pkg/share/ifv_pkg/environment/ament_prefix_path.dsv
[0.088s] -- Up-to-date: /home/longarmape06/ifv_ws/install/ifv_pkg/share/ifv_pkg/environment/path.sh
[0.090s] -- Up-to-date: /home/longarmape06/ifv_ws/install/ifv_pkg/share/ifv_pkg/environment/path.dsv
[0.090s] -- Up-to-date: /home/longarmape06/ifv_ws/install/ifv_pkg/share/ifv_pkg/local_setup.bash
[0.090s] -- Up-to-date: /home/longarmape06/ifv_ws/install/ifv_pkg/share/ifv_pkg/local_setup.sh
[0.091s] -- Up-to-date: /home/longarmape06/ifv_ws/install/ifv_pkg/share/ifv_pkg/local_setup.zsh
[0.091s] -- Up-to-date: /home/longarmape06/ifv_ws/install/ifv_pkg/share/ifv_pkg/local_setup.dsv
[0.091s] -- Installing: /home/longarmape06/ifv_ws/install/ifv_pkg/share/ifv_pkg/package.dsv
[0.091s] -- Up-to-date: /home/longarmape06/ifv_ws/install/ifv_pkg/share/ament_index/resource_index/packages/ifv_pkg
[0.091s] -- Up-to-date: /home/longarmape06/ifv_ws/install/ifv_pkg/share/ifv_pkg/cmake/ifv_pkgConfig.cmake
[0.093s] -- Up-to-date: /home/longarmape06/ifv_ws/install/ifv_pkg/share/ifv_pkg/cmake/ifv_pkgConfig-version.cmake
[0.093s] -- Up-to-date: /home/longarmape06/ifv_ws/install/ifv_pkg/share/ifv_pkg/package.xml
[0.093s] Invoked command in '/home/longarmape06/ifv_ws/build/ifv_pkg' returned '0': CMAKE_PREFIX_PATH=/home/longarmape06/ifv_ws/install/ifv_interfaces:/home/longarmape06/ifv_ws/install/ifv_pkg:/opt/ros/humble LD_LIBRARY_PATH=/home/longarmape06/ifv_ws/install/ifv_interfaces/lib:/usr/lib/x86_64-linux-gnu/gazebo-11/plugins:/opt/ros/humble/opt/rviz_ogre_vendor/lib:/opt/ros/humble/lib/x86_64-linux-gnu:/opt/ros/humble/lib:/opt/ros/humble/lib /usr/bin/cmake --install /home/longarmape06/ifv_ws/build/ifv_pkg
