[0.191s] DEBUG:colcon:Command line arguments: ['/usr/bin/colcon', 'build']
[0.191s] DEBUG:colcon:Parsed command line arguments: Namespace(log_base=None, log_level=None, verb_name='build', build_base='build', install_base='install', merge_install=False, symlink_install=False, test_result_base=None, continue_on_error=False, executor='parallel', parallel_workers=16, event_handlers=None, ignore_user_meta=False, metas=['./colcon.meta'], base_paths=['.'], packages_ignore=None, packages_ignore_regex=None, paths=None, packages_up_to=None, packages_up_to_regex=None, packages_above=None, packages_above_and_dependencies=None, packages_above_depth=None, packages_select_by_dep=None, packages_skip_by_dep=None, packages_skip_up_to=None, packages_select_build_failed=False, packages_skip_build_finished=False, packages_select_test_failures=False, packages_skip_test_passed=False, packages_select=None, packages_skip=None, packages_select_regex=None, packages_skip_regex=None, packages_start=None, packages_end=None, allow_overriding=[], cmake_args=None, cmake_target=None, cmake_target_skip_unavailable=False, cmake_clean_cache=False, cmake_clean_first=False, cmake_force_configure=False, ament_cmake_args=None, catkin_cmake_args=None, catkin_skip_building_tests=False, verb_parser=<colcon_defaults.argument_parser.defaults.DefaultArgumentsDecorator object at 0x7f7c621ee320>, verb_extension=<colcon_core.verb.build.BuildVerb object at 0x7f7c62b2e1a0>, main=<bound method BuildVerb.main of <colcon_core.verb.build.BuildVerb object at 0x7f7c62b2e1a0>>)
[0.206s] Level 1:colcon.colcon_core.package_discovery:discover_packages(colcon_meta) check parameters
[0.206s] Level 1:colcon.colcon_core.package_discovery:discover_packages(recursive) check parameters
[0.206s] Level 1:colcon.colcon_core.package_discovery:discover_packages(ignore) check parameters
[0.206s] Level 1:colcon.colcon_core.package_discovery:discover_packages(path) check parameters
[0.206s] Level 1:colcon.colcon_core.package_discovery:discover_packages(colcon_meta) discover
[0.206s] Level 1:colcon.colcon_core.package_discovery:discover_packages(recursive) discover
[0.206s] INFO:colcon.colcon_core.package_discovery:Crawling recursively for packages in '/home/longarmape06/ifv_ws'
[0.206s] Level 1:colcon.colcon_core.package_identification:_identify(.) by extensions ['ignore', 'ignore_ament_install']
[0.206s] Level 1:colcon.colcon_core.package_identification:_identify(.) by extension 'ignore'
[0.206s] Level 1:colcon.colcon_core.package_identification:_identify(.) by extension 'ignore_ament_install'
[0.206s] Level 1:colcon.colcon_core.package_identification:_identify(.) by extensions ['colcon_pkg']
[0.206s] Level 1:colcon.colcon_core.package_identification:_identify(.) by extension 'colcon_pkg'
[0.206s] Level 1:colcon.colcon_core.package_identification:_identify(.) by extensions ['colcon_meta']
[0.206s] Level 1:colcon.colcon_core.package_identification:_identify(.) by extension 'colcon_meta'
[0.206s] Level 1:colcon.colcon_core.package_identification:_identify(.) by extensions ['ros']
[0.206s] Level 1:colcon.colcon_core.package_identification:_identify(.) by extension 'ros'
[0.220s] Level 1:colcon.colcon_core.package_identification:_identify(.) by extensions ['cmake', 'python']
[0.220s] Level 1:colcon.colcon_core.package_identification:_identify(.) by extension 'cmake'
[0.220s] Level 1:colcon.colcon_core.package_identification:_identify(.) by extension 'python'
[0.220s] Level 1:colcon.colcon_core.package_identification:_identify(.) by extensions ['python_setup_py']
[0.220s] Level 1:colcon.colcon_core.package_identification:_identify(.) by extension 'python_setup_py'
[0.221s] Level 1:colcon.colcon_core.package_identification:_identify(build) by extensions ['ignore', 'ignore_ament_install']
[0.221s] Level 1:colcon.colcon_core.package_identification:_identify(build) by extension 'ignore'
[0.221s] Level 1:colcon.colcon_core.package_identification:_identify(build) ignored
[0.221s] Level 1:colcon.colcon_core.package_identification:_identify(install) by extensions ['ignore', 'ignore_ament_install']
[0.221s] Level 1:colcon.colcon_core.package_identification:_identify(install) by extension 'ignore'
[0.221s] Level 1:colcon.colcon_core.package_identification:_identify(install) ignored
[0.221s] Level 1:colcon.colcon_core.package_identification:_identify(log) by extensions ['ignore', 'ignore_ament_install']
[0.221s] Level 1:colcon.colcon_core.package_identification:_identify(log) by extension 'ignore'
[0.221s] Level 1:colcon.colcon_core.package_identification:_identify(log) ignored
[0.221s] Level 1:colcon.colcon_core.package_identification:_identify(src) by extensions ['ignore', 'ignore_ament_install']
[0.221s] Level 1:colcon.colcon_core.package_identification:_identify(src) by extension 'ignore'
[0.221s] Level 1:colcon.colcon_core.package_identification:_identify(src) by extension 'ignore_ament_install'
[0.221s] Level 1:colcon.colcon_core.package_identification:_identify(src) by extensions ['colcon_pkg']
[0.221s] Level 1:colcon.colcon_core.package_identification:_identify(src) by extension 'colcon_pkg'
[0.221s] Level 1:colcon.colcon_core.package_identification:_identify(src) by extensions ['colcon_meta']
[0.221s] Level 1:colcon.colcon_core.package_identification:_identify(src) by extension 'colcon_meta'
[0.221s] Level 1:colcon.colcon_core.package_identification:_identify(src) by extensions ['ros']
[0.221s] Level 1:colcon.colcon_core.package_identification:_identify(src) by extension 'ros'
[0.221s] Level 1:colcon.colcon_core.package_identification:_identify(src) by extensions ['cmake', 'python']
[0.221s] Level 1:colcon.colcon_core.package_identification:_identify(src) by extension 'cmake'
[0.221s] Level 1:colcon.colcon_core.package_identification:_identify(src) by extension 'python'
[0.221s] Level 1:colcon.colcon_core.package_identification:_identify(src) by extensions ['python_setup_py']
[0.222s] Level 1:colcon.colcon_core.package_identification:_identify(src) by extension 'python_setup_py'
[0.222s] Level 1:colcon.colcon_core.package_identification:_identify(src/ifv_interfaces) by extensions ['ignore', 'ignore_ament_install']
[0.222s] Level 1:colcon.colcon_core.package_identification:_identify(src/ifv_interfaces) by extension 'ignore'
[0.222s] Level 1:colcon.colcon_core.package_identification:_identify(src/ifv_interfaces) by extension 'ignore_ament_install'
[0.222s] Level 1:colcon.colcon_core.package_identification:_identify(src/ifv_interfaces) by extensions ['colcon_pkg']
[0.222s] Level 1:colcon.colcon_core.package_identification:_identify(src/ifv_interfaces) by extension 'colcon_pkg'
[0.222s] Level 1:colcon.colcon_core.package_identification:_identify(src/ifv_interfaces) by extensions ['colcon_meta']
[0.222s] Level 1:colcon.colcon_core.package_identification:_identify(src/ifv_interfaces) by extension 'colcon_meta'
[0.222s] Level 1:colcon.colcon_core.package_identification:_identify(src/ifv_interfaces) by extensions ['ros']
[0.222s] Level 1:colcon.colcon_core.package_identification:_identify(src/ifv_interfaces) by extension 'ros'
[0.224s] DEBUG:colcon.colcon_core.package_identification:Package 'src/ifv_interfaces' with type 'ros.ament_cmake' and name 'ifv_interfaces'
[0.224s] Level 1:colcon.colcon_core.package_identification:_identify(src/ifv_pkg) by extensions ['ignore', 'ignore_ament_install']
[0.224s] Level 1:colcon.colcon_core.package_identification:_identify(src/ifv_pkg) by extension 'ignore'
[0.224s] Level 1:colcon.colcon_core.package_identification:_identify(src/ifv_pkg) by extension 'ignore_ament_install'
[0.224s] Level 1:colcon.colcon_core.package_identification:_identify(src/ifv_pkg) by extensions ['colcon_pkg']
[0.224s] Level 1:colcon.colcon_core.package_identification:_identify(src/ifv_pkg) by extension 'colcon_pkg'
[0.224s] Level 1:colcon.colcon_core.package_identification:_identify(src/ifv_pkg) by extensions ['colcon_meta']
[0.224s] Level 1:colcon.colcon_core.package_identification:_identify(src/ifv_pkg) by extension 'colcon_meta'
[0.224s] Level 1:colcon.colcon_core.package_identification:_identify(src/ifv_pkg) by extensions ['ros']
[0.224s] Level 1:colcon.colcon_core.package_identification:_identify(src/ifv_pkg) by extension 'ros'
[0.225s] DEBUG:colcon.colcon_core.package_identification:Package 'src/ifv_pkg' with type 'ros.ament_cmake' and name 'ifv_pkg'
[0.225s] Level 1:colcon.colcon_core.package_discovery:discover_packages(recursive) using defaults
[0.225s] Level 1:colcon.colcon_core.package_discovery:discover_packages(ignore) discover
[0.225s] Level 1:colcon.colcon_core.package_discovery:discover_packages(ignore) using defaults
[0.225s] Level 1:colcon.colcon_core.package_discovery:discover_packages(path) discover
[0.225s] Level 1:colcon.colcon_core.package_discovery:discover_packages(path) using defaults
[0.240s] Level 1:colcon.colcon_core.package_discovery:discover_packages(prefix_path) check parameters
[0.240s] Level 1:colcon.colcon_core.package_discovery:discover_packages(prefix_path) discover
[0.242s] DEBUG:colcon.colcon_installed_package_information.package_discovery:Found 284 installed packages in /opt/ros/humble
[0.243s] Level 1:colcon.colcon_core.package_discovery:discover_packages(prefix_path) using defaults
[0.284s] Level 5:colcon.colcon_core.verb:set package 'ifv_interfaces' build argument 'cmake_args' from command line to 'None'
[0.284s] Level 5:colcon.colcon_core.verb:set package 'ifv_interfaces' build argument 'cmake_target' from command line to 'None'
[0.284s] Level 5:colcon.colcon_core.verb:set package 'ifv_interfaces' build argument 'cmake_target_skip_unavailable' from command line to 'False'
[0.284s] Level 5:colcon.colcon_core.verb:set package 'ifv_interfaces' build argument 'cmake_clean_cache' from command line to 'False'
[0.284s] Level 5:colcon.colcon_core.verb:set package 'ifv_interfaces' build argument 'cmake_clean_first' from command line to 'False'
[0.284s] Level 5:colcon.colcon_core.verb:set package 'ifv_interfaces' build argument 'cmake_force_configure' from command line to 'False'
[0.284s] Level 5:colcon.colcon_core.verb:set package 'ifv_interfaces' build argument 'ament_cmake_args' from command line to 'None'
[0.284s] Level 5:colcon.colcon_core.verb:set package 'ifv_interfaces' build argument 'catkin_cmake_args' from command line to 'None'
[0.284s] Level 5:colcon.colcon_core.verb:set package 'ifv_interfaces' build argument 'catkin_skip_building_tests' from command line to 'False'
[0.284s] DEBUG:colcon.colcon_core.verb:Building package 'ifv_interfaces' with the following arguments: {'ament_cmake_args': None, 'build_base': '/home/longarmape06/ifv_ws/build/ifv_interfaces', 'catkin_cmake_args': None, 'catkin_skip_building_tests': False, 'cmake_args': None, 'cmake_clean_cache': False, 'cmake_clean_first': False, 'cmake_force_configure': False, 'cmake_target': None, 'cmake_target_skip_unavailable': False, 'install_base': '/home/longarmape06/ifv_ws/install/ifv_interfaces', 'merge_install': False, 'path': '/home/longarmape06/ifv_ws/src/ifv_interfaces', 'symlink_install': False, 'test_result_base': None}
[0.284s] Level 5:colcon.colcon_core.verb:set package 'ifv_pkg' build argument 'cmake_args' from command line to 'None'
[0.284s] Level 5:colcon.colcon_core.verb:set package 'ifv_pkg' build argument 'cmake_target' from command line to 'None'
[0.285s] Level 5:colcon.colcon_core.verb:set package 'ifv_pkg' build argument 'cmake_target_skip_unavailable' from command line to 'False'
[0.285s] Level 5:colcon.colcon_core.verb:set package 'ifv_pkg' build argument 'cmake_clean_cache' from command line to 'False'
[0.285s] Level 5:colcon.colcon_core.verb:set package 'ifv_pkg' build argument 'cmake_clean_first' from command line to 'False'
[0.285s] Level 5:colcon.colcon_core.verb:set package 'ifv_pkg' build argument 'cmake_force_configure' from command line to 'False'
[0.285s] Level 5:colcon.colcon_core.verb:set package 'ifv_pkg' build argument 'ament_cmake_args' from command line to 'None'
[0.285s] Level 5:colcon.colcon_core.verb:set package 'ifv_pkg' build argument 'catkin_cmake_args' from command line to 'None'
[0.285s] Level 5:colcon.colcon_core.verb:set package 'ifv_pkg' build argument 'catkin_skip_building_tests' from command line to 'False'
[0.285s] DEBUG:colcon.colcon_core.verb:Building package 'ifv_pkg' with the following arguments: {'ament_cmake_args': None, 'build_base': '/home/longarmape06/ifv_ws/build/ifv_pkg', 'catkin_cmake_args': None, 'catkin_skip_building_tests': False, 'cmake_args': None, 'cmake_clean_cache': False, 'cmake_clean_first': False, 'cmake_force_configure': False, 'cmake_target': None, 'cmake_target_skip_unavailable': False, 'install_base': '/home/longarmape06/ifv_ws/install/ifv_pkg', 'merge_install': False, 'path': '/home/longarmape06/ifv_ws/src/ifv_pkg', 'symlink_install': False, 'test_result_base': None}
[0.285s] INFO:colcon.colcon_core.executor:Executing jobs using 'parallel' executor
[0.288s] DEBUG:colcon.colcon_parallel_executor.executor.parallel:run_until_complete
[0.288s] INFO:colcon.colcon_ros.task.ament_cmake.build:Building ROS package in '/home/longarmape06/ifv_ws/src/ifv_interfaces' with build type 'ament_cmake'
[0.288s] INFO:colcon.colcon_cmake.task.cmake.build:Building CMake package in '/home/longarmape06/ifv_ws/src/ifv_interfaces'
[0.291s] INFO:colcon.colcon_core.plugin_system:Skipping extension 'colcon_core.shell.bat': Not used on non-Windows systems
[0.291s] INFO:colcon.colcon_core.shell:Skip shell extension 'powershell' for command environment: Not usable outside of PowerShell
[0.291s] DEBUG:colcon.colcon_core.shell:Skip shell extension 'dsv' for command environment
[0.298s] DEBUG:colcon.colcon_core.event_handler.log_command:Invoking command in '/home/longarmape06/ifv_ws/build/ifv_interfaces': CMAKE_PREFIX_PATH=/opt/ros/humble /usr/bin/cmake --build /home/longarmape06/ifv_ws/build/ifv_interfaces -- -j16 -l16
[0.538s] DEBUG:colcon.colcon_core.event_handler.log_command:Invoked command in '/home/longarmape06/ifv_ws/build/ifv_interfaces' returned '0': CMAKE_PREFIX_PATH=/opt/ros/humble /usr/bin/cmake --build /home/longarmape06/ifv_ws/build/ifv_interfaces -- -j16 -l16
[0.575s] DEBUG:colcon.colcon_core.event_handler.log_command:Invoking command in '/home/longarmape06/ifv_ws/build/ifv_interfaces': CMAKE_PREFIX_PATH=/opt/ros/humble /usr/bin/cmake --install /home/longarmape06/ifv_ws/build/ifv_interfaces
[0.612s] Level 1:colcon.colcon_core.environment:create_environment_scripts_only(ifv_interfaces)
[0.613s] DEBUG:colcon.colcon_core.event_handler.log_command:Invoked command in '/home/longarmape06/ifv_ws/build/ifv_interfaces' returned '0': CMAKE_PREFIX_PATH=/opt/ros/humble /usr/bin/cmake --install /home/longarmape06/ifv_ws/build/ifv_interfaces
[0.615s] Level 1:colcon.colcon_core.environment:checking '/home/longarmape06/ifv_ws/install/ifv_interfaces' for CMake module files
[0.616s] Level 1:colcon.colcon_core.environment:checking '/home/longarmape06/ifv_ws/install/ifv_interfaces' for CMake config files
[0.616s] Level 1:colcon.colcon_core.shell:create_environment_hook('ifv_interfaces', 'cmake_prefix_path')
[0.617s] INFO:colcon.colcon_core.shell:Creating environment hook '/home/longarmape06/ifv_ws/install/ifv_interfaces/share/ifv_interfaces/hook/cmake_prefix_path.ps1'
[0.617s] INFO:colcon.colcon_core.shell:Creating environment descriptor '/home/longarmape06/ifv_ws/install/ifv_interfaces/share/ifv_interfaces/hook/cmake_prefix_path.dsv'
[0.618s] INFO:colcon.colcon_core.shell:Creating environment hook '/home/longarmape06/ifv_ws/install/ifv_interfaces/share/ifv_interfaces/hook/cmake_prefix_path.sh'
[0.618s] Level 1:colcon.colcon_core.environment:checking '/home/longarmape06/ifv_ws/install/ifv_interfaces/lib'
[0.618s] Level 1:colcon.colcon_core.shell:create_environment_hook('ifv_interfaces', 'ld_library_path_lib')
[0.619s] INFO:colcon.colcon_core.shell:Creating environment hook '/home/longarmape06/ifv_ws/install/ifv_interfaces/share/ifv_interfaces/hook/ld_library_path_lib.ps1'
[0.619s] INFO:colcon.colcon_core.shell:Creating environment descriptor '/home/longarmape06/ifv_ws/install/ifv_interfaces/share/ifv_interfaces/hook/ld_library_path_lib.dsv'
[0.620s] INFO:colcon.colcon_core.shell:Creating environment hook '/home/longarmape06/ifv_ws/install/ifv_interfaces/share/ifv_interfaces/hook/ld_library_path_lib.sh'
[0.620s] Level 1:colcon.colcon_core.environment:checking '/home/longarmape06/ifv_ws/install/ifv_interfaces/bin'
[0.620s] Level 1:colcon.colcon_core.environment:checking '/home/longarmape06/ifv_ws/install/ifv_interfaces/lib/pkgconfig/ifv_interfaces.pc'
[0.620s] Level 1:colcon.colcon_core.environment:checking '/home/longarmape06/ifv_ws/install/ifv_interfaces/lib/python3.10/site-packages'
[0.620s] Level 1:colcon.colcon_core.environment:checking '/home/longarmape06/ifv_ws/install/ifv_interfaces/bin'
[0.621s] INFO:colcon.colcon_core.shell:Creating package script '/home/longarmape06/ifv_ws/install/ifv_interfaces/share/ifv_interfaces/package.ps1'
[0.621s] INFO:colcon.colcon_core.shell:Creating package descriptor '/home/longarmape06/ifv_ws/install/ifv_interfaces/share/ifv_interfaces/package.dsv'
[0.622s] INFO:colcon.colcon_core.shell:Creating package script '/home/longarmape06/ifv_ws/install/ifv_interfaces/share/ifv_interfaces/package.sh'
[0.622s] INFO:colcon.colcon_core.shell:Creating package script '/home/longarmape06/ifv_ws/install/ifv_interfaces/share/ifv_interfaces/package.bash'
[0.623s] INFO:colcon.colcon_core.shell:Creating package script '/home/longarmape06/ifv_ws/install/ifv_interfaces/share/ifv_interfaces/package.zsh'
[0.623s] Level 1:colcon.colcon_core.environment:create_file_with_runtime_dependencies(/home/longarmape06/ifv_ws/install/ifv_interfaces/share/colcon-core/packages/ifv_interfaces)
[0.654s] Level 1:colcon.colcon_core.environment:create_environment_scripts_only(ifv_interfaces)
[0.656s] Level 1:colcon.colcon_core.environment:checking '/home/longarmape06/ifv_ws/install/ifv_interfaces' for CMake module files
[0.657s] Level 1:colcon.colcon_core.environment:checking '/home/longarmape06/ifv_ws/install/ifv_interfaces' for CMake config files
[0.657s] Level 1:colcon.colcon_core.shell:create_environment_hook('ifv_interfaces', 'cmake_prefix_path')
[0.658s] INFO:colcon.colcon_core.shell:Creating environment hook '/home/longarmape06/ifv_ws/install/ifv_interfaces/share/ifv_interfaces/hook/cmake_prefix_path.ps1'
[0.659s] INFO:colcon.colcon_core.shell:Creating environment descriptor '/home/longarmape06/ifv_ws/install/ifv_interfaces/share/ifv_interfaces/hook/cmake_prefix_path.dsv'
[0.659s] INFO:colcon.colcon_core.shell:Creating environment hook '/home/longarmape06/ifv_ws/install/ifv_interfaces/share/ifv_interfaces/hook/cmake_prefix_path.sh'
[0.660s] Level 1:colcon.colcon_core.environment:checking '/home/longarmape06/ifv_ws/install/ifv_interfaces/lib'
[0.660s] Level 1:colcon.colcon_core.shell:create_environment_hook('ifv_interfaces', 'ld_library_path_lib')
[0.661s] INFO:colcon.colcon_core.shell:Creating environment hook '/home/longarmape06/ifv_ws/install/ifv_interfaces/share/ifv_interfaces/hook/ld_library_path_lib.ps1'
[0.662s] INFO:colcon.colcon_core.shell:Creating environment descriptor '/home/longarmape06/ifv_ws/install/ifv_interfaces/share/ifv_interfaces/hook/ld_library_path_lib.dsv'
[0.662s] INFO:colcon.colcon_core.shell:Creating environment hook '/home/longarmape06/ifv_ws/install/ifv_interfaces/share/ifv_interfaces/hook/ld_library_path_lib.sh'
[0.662s] Level 1:colcon.colcon_core.environment:checking '/home/longarmape06/ifv_ws/install/ifv_interfaces/bin'
[0.662s] Level 1:colcon.colcon_core.environment:checking '/home/longarmape06/ifv_ws/install/ifv_interfaces/lib/pkgconfig/ifv_interfaces.pc'
[0.663s] Level 1:colcon.colcon_core.environment:checking '/home/longarmape06/ifv_ws/install/ifv_interfaces/lib/python3.10/site-packages'
[0.663s] Level 1:colcon.colcon_core.environment:checking '/home/longarmape06/ifv_ws/install/ifv_interfaces/bin'
[0.664s] INFO:colcon.colcon_core.shell:Creating package script '/home/longarmape06/ifv_ws/install/ifv_interfaces/share/ifv_interfaces/package.ps1'
[0.665s] INFO:colcon.colcon_core.shell:Creating package descriptor '/home/longarmape06/ifv_ws/install/ifv_interfaces/share/ifv_interfaces/package.dsv'
[0.665s] INFO:colcon.colcon_core.shell:Creating package script '/home/longarmape06/ifv_ws/install/ifv_interfaces/share/ifv_interfaces/package.sh'
[0.666s] INFO:colcon.colcon_core.shell:Creating package script '/home/longarmape06/ifv_ws/install/ifv_interfaces/share/ifv_interfaces/package.bash'
[0.666s] INFO:colcon.colcon_core.shell:Creating package script '/home/longarmape06/ifv_ws/install/ifv_interfaces/share/ifv_interfaces/package.zsh'
[0.666s] Level 1:colcon.colcon_core.environment:create_file_with_runtime_dependencies(/home/longarmape06/ifv_ws/install/ifv_interfaces/share/colcon-core/packages/ifv_interfaces)
[0.667s] INFO:colcon.colcon_ros.task.ament_cmake.build:Building ROS package in '/home/longarmape06/ifv_ws/src/ifv_pkg' with build type 'ament_cmake'
[0.667s] INFO:colcon.colcon_cmake.task.cmake.build:Building CMake package in '/home/longarmape06/ifv_ws/src/ifv_pkg'
[0.668s] INFO:colcon.colcon_core.shell:Skip shell extension 'powershell' for command environment: Not usable outside of PowerShell
[0.668s] DEBUG:colcon.colcon_core.shell:Skip shell extension 'dsv' for command environment
[0.677s] DEBUG:colcon.colcon_core.event_handler.log_command:Invoking command in '/home/longarmape06/ifv_ws/build/ifv_pkg': AMENT_PREFIX_PATH=/home/longarmape06/ifv_ws/install/ifv_interfaces:${AMENT_PREFIX_PATH} CMAKE_PREFIX_PATH=/home/longarmape06/ifv_ws/install/ifv_interfaces:/opt/ros/humble LD_LIBRARY_PATH=/home/longarmape06/ifv_ws/install/ifv_interfaces/lib:/usr/lib/x86_64-linux-gnu/gazebo-11/plugins:/opt/ros/humble/opt/rviz_ogre_vendor/lib:/opt/ros/humble/lib/x86_64-linux-gnu:/opt/ros/humble/lib:/opt/ros/humble/lib PYTHONPATH=/home/longarmape06/ifv_ws/install/ifv_interfaces/local/lib/python3.10/dist-packages:${PYTHONPATH} /usr/bin/cmake /home/longarmape06/ifv_ws/src/ifv_pkg -DCMAKE_INSTALL_PREFIX=/home/longarmape06/ifv_ws/install/ifv_pkg
[2.306s] DEBUG:colcon.colcon_core.event_handler.log_command:Invoked command in '/home/longarmape06/ifv_ws/build/ifv_pkg' returned '0': AMENT_PREFIX_PATH=/home/longarmape06/ifv_ws/install/ifv_interfaces:${AMENT_PREFIX_PATH} CMAKE_PREFIX_PATH=/home/longarmape06/ifv_ws/install/ifv_interfaces:/opt/ros/humble LD_LIBRARY_PATH=/home/longarmape06/ifv_ws/install/ifv_interfaces/lib:/usr/lib/x86_64-linux-gnu/gazebo-11/plugins:/opt/ros/humble/opt/rviz_ogre_vendor/lib:/opt/ros/humble/lib/x86_64-linux-gnu:/opt/ros/humble/lib:/opt/ros/humble/lib PYTHONPATH=/home/longarmape06/ifv_ws/install/ifv_interfaces/local/lib/python3.10/dist-packages:${PYTHONPATH} /usr/bin/cmake /home/longarmape06/ifv_ws/src/ifv_pkg -DCMAKE_INSTALL_PREFIX=/home/longarmape06/ifv_ws/install/ifv_pkg
[2.307s] DEBUG:colcon.colcon_core.event_handler.log_command:Invoking command in '/home/longarmape06/ifv_ws/build/ifv_pkg': AMENT_PREFIX_PATH=/home/longarmape06/ifv_ws/install/ifv_interfaces:${AMENT_PREFIX_PATH} CMAKE_PREFIX_PATH=/home/longarmape06/ifv_ws/install/ifv_interfaces:/opt/ros/humble LD_LIBRARY_PATH=/home/longarmape06/ifv_ws/install/ifv_interfaces/lib:/usr/lib/x86_64-linux-gnu/gazebo-11/plugins:/opt/ros/humble/opt/rviz_ogre_vendor/lib:/opt/ros/humble/lib/x86_64-linux-gnu:/opt/ros/humble/lib:/opt/ros/humble/lib PYTHONPATH=/home/longarmape06/ifv_ws/install/ifv_interfaces/local/lib/python3.10/dist-packages:${PYTHONPATH} /usr/bin/cmake --build /home/longarmape06/ifv_ws/build/ifv_pkg -- -j16 -l16
[15.770s] DEBUG:colcon.colcon_core.event_handler.log_command:Invoked command in '/home/longarmape06/ifv_ws/build/ifv_pkg' returned '0': AMENT_PREFIX_PATH=/home/longarmape06/ifv_ws/install/ifv_interfaces:${AMENT_PREFIX_PATH} CMAKE_PREFIX_PATH=/home/longarmape06/ifv_ws/install/ifv_interfaces:/opt/ros/humble LD_LIBRARY_PATH=/home/longarmape06/ifv_ws/install/ifv_interfaces/lib:/usr/lib/x86_64-linux-gnu/gazebo-11/plugins:/opt/ros/humble/opt/rviz_ogre_vendor/lib:/opt/ros/humble/lib/x86_64-linux-gnu:/opt/ros/humble/lib:/opt/ros/humble/lib PYTHONPATH=/home/longarmape06/ifv_ws/install/ifv_interfaces/local/lib/python3.10/dist-packages:${PYTHONPATH} /usr/bin/cmake --build /home/longarmape06/ifv_ws/build/ifv_pkg -- -j16 -l16
[15.786s] DEBUG:colcon.colcon_core.event_handler.log_command:Invoking command in '/home/longarmape06/ifv_ws/build/ifv_pkg': AMENT_PREFIX_PATH=/home/longarmape06/ifv_ws/install/ifv_interfaces:${AMENT_PREFIX_PATH} CMAKE_PREFIX_PATH=/home/longarmape06/ifv_ws/install/ifv_interfaces:/opt/ros/humble LD_LIBRARY_PATH=/home/longarmape06/ifv_ws/install/ifv_interfaces/lib:/usr/lib/x86_64-linux-gnu/gazebo-11/plugins:/opt/ros/humble/opt/rviz_ogre_vendor/lib:/opt/ros/humble/lib/x86_64-linux-gnu:/opt/ros/humble/lib:/opt/ros/humble/lib PYTHONPATH=/home/longarmape06/ifv_ws/install/ifv_interfaces/local/lib/python3.10/dist-packages:${PYTHONPATH} /usr/bin/cmake --install /home/longarmape06/ifv_ws/build/ifv_pkg
[15.794s] Level 1:colcon.colcon_core.environment:create_environment_scripts_only(ifv_pkg)
[15.794s] DEBUG:colcon.colcon_core.event_handler.log_command:Invoked command in '/home/longarmape06/ifv_ws/build/ifv_pkg' returned '0': AMENT_PREFIX_PATH=/home/longarmape06/ifv_ws/install/ifv_interfaces:${AMENT_PREFIX_PATH} CMAKE_PREFIX_PATH=/home/longarmape06/ifv_ws/install/ifv_interfaces:/opt/ros/humble LD_LIBRARY_PATH=/home/longarmape06/ifv_ws/install/ifv_interfaces/lib:/usr/lib/x86_64-linux-gnu/gazebo-11/plugins:/opt/ros/humble/opt/rviz_ogre_vendor/lib:/opt/ros/humble/lib/x86_64-linux-gnu:/opt/ros/humble/lib:/opt/ros/humble/lib PYTHONPATH=/home/longarmape06/ifv_ws/install/ifv_interfaces/local/lib/python3.10/dist-packages:${PYTHONPATH} /usr/bin/cmake --install /home/longarmape06/ifv_ws/build/ifv_pkg
[15.795s] Level 1:colcon.colcon_core.environment:checking '/home/longarmape06/ifv_ws/install/ifv_pkg' for CMake module files
[15.796s] Level 1:colcon.colcon_core.environment:checking '/home/longarmape06/ifv_ws/install/ifv_pkg' for CMake config files
[15.796s] Level 1:colcon.colcon_core.shell:create_environment_hook('ifv_pkg', 'cmake_prefix_path')
[15.797s] INFO:colcon.colcon_core.shell:Creating environment hook '/home/longarmape06/ifv_ws/install/ifv_pkg/share/ifv_pkg/hook/cmake_prefix_path.ps1'
[15.798s] INFO:colcon.colcon_core.shell:Creating environment descriptor '/home/longarmape06/ifv_ws/install/ifv_pkg/share/ifv_pkg/hook/cmake_prefix_path.dsv'
[15.798s] INFO:colcon.colcon_core.shell:Creating environment hook '/home/longarmape06/ifv_ws/install/ifv_pkg/share/ifv_pkg/hook/cmake_prefix_path.sh'
[15.799s] Level 1:colcon.colcon_core.environment:checking '/home/longarmape06/ifv_ws/install/ifv_pkg/lib'
[15.799s] Level 1:colcon.colcon_core.environment:checking '/home/longarmape06/ifv_ws/install/ifv_pkg/bin'
[15.799s] Level 1:colcon.colcon_core.environment:checking '/home/longarmape06/ifv_ws/install/ifv_pkg/lib/pkgconfig/ifv_pkg.pc'
[15.799s] Level 1:colcon.colcon_core.environment:checking '/home/longarmape06/ifv_ws/install/ifv_pkg/lib/python3.10/site-packages'
[15.799s] Level 1:colcon.colcon_core.environment:checking '/home/longarmape06/ifv_ws/install/ifv_pkg/bin'
[15.801s] INFO:colcon.colcon_core.shell:Creating package script '/home/longarmape06/ifv_ws/install/ifv_pkg/share/ifv_pkg/package.ps1'
[15.801s] INFO:colcon.colcon_core.shell:Creating package descriptor '/home/longarmape06/ifv_ws/install/ifv_pkg/share/ifv_pkg/package.dsv'
[15.801s] INFO:colcon.colcon_core.shell:Creating package script '/home/longarmape06/ifv_ws/install/ifv_pkg/share/ifv_pkg/package.sh'
[15.802s] INFO:colcon.colcon_core.shell:Creating package script '/home/longarmape06/ifv_ws/install/ifv_pkg/share/ifv_pkg/package.bash'
[15.802s] INFO:colcon.colcon_core.shell:Creating package script '/home/longarmape06/ifv_ws/install/ifv_pkg/share/ifv_pkg/package.zsh'
[15.802s] Level 1:colcon.colcon_core.environment:create_file_with_runtime_dependencies(/home/longarmape06/ifv_ws/install/ifv_pkg/share/colcon-core/packages/ifv_pkg)
[15.819s] Level 1:colcon.colcon_core.environment:create_environment_scripts_only(ifv_pkg)
[15.821s] Level 1:colcon.colcon_core.environment:checking '/home/longarmape06/ifv_ws/install/ifv_pkg' for CMake module files
[15.822s] Level 1:colcon.colcon_core.environment:checking '/home/longarmape06/ifv_ws/install/ifv_pkg' for CMake config files
[15.822s] Level 1:colcon.colcon_core.shell:create_environment_hook('ifv_pkg', 'cmake_prefix_path')
[15.823s] INFO:colcon.colcon_core.shell:Creating environment hook '/home/longarmape06/ifv_ws/install/ifv_pkg/share/ifv_pkg/hook/cmake_prefix_path.ps1'
[15.823s] INFO:colcon.colcon_core.shell:Creating environment descriptor '/home/longarmape06/ifv_ws/install/ifv_pkg/share/ifv_pkg/hook/cmake_prefix_path.dsv'
[15.824s] INFO:colcon.colcon_core.shell:Creating environment hook '/home/longarmape06/ifv_ws/install/ifv_pkg/share/ifv_pkg/hook/cmake_prefix_path.sh'
[15.824s] Level 1:colcon.colcon_core.environment:checking '/home/longarmape06/ifv_ws/install/ifv_pkg/lib'
[15.824s] Level 1:colcon.colcon_core.environment:checking '/home/longarmape06/ifv_ws/install/ifv_pkg/bin'
[15.824s] Level 1:colcon.colcon_core.environment:checking '/home/longarmape06/ifv_ws/install/ifv_pkg/lib/pkgconfig/ifv_pkg.pc'
[15.825s] Level 1:colcon.colcon_core.environment:checking '/home/longarmape06/ifv_ws/install/ifv_pkg/lib/python3.10/site-packages'
[15.825s] Level 1:colcon.colcon_core.environment:checking '/home/longarmape06/ifv_ws/install/ifv_pkg/bin'
[15.826s] INFO:colcon.colcon_core.shell:Creating package script '/home/longarmape06/ifv_ws/install/ifv_pkg/share/ifv_pkg/package.ps1'
[15.827s] INFO:colcon.colcon_core.shell:Creating package descriptor '/home/longarmape06/ifv_ws/install/ifv_pkg/share/ifv_pkg/package.dsv'
[15.827s] INFO:colcon.colcon_core.shell:Creating package script '/home/longarmape06/ifv_ws/install/ifv_pkg/share/ifv_pkg/package.sh'
[15.827s] INFO:colcon.colcon_core.shell:Creating package script '/home/longarmape06/ifv_ws/install/ifv_pkg/share/ifv_pkg/package.bash'
[15.828s] INFO:colcon.colcon_core.shell:Creating package script '/home/longarmape06/ifv_ws/install/ifv_pkg/share/ifv_pkg/package.zsh'
[15.828s] Level 1:colcon.colcon_core.environment:create_file_with_runtime_dependencies(/home/longarmape06/ifv_ws/install/ifv_pkg/share/colcon-core/packages/ifv_pkg)
[15.828s] DEBUG:colcon.colcon_parallel_executor.executor.parallel:closing loop
[15.829s] DEBUG:colcon.colcon_parallel_executor.executor.parallel:loop closed
[15.829s] DEBUG:colcon.colcon_parallel_executor.executor.parallel:run_until_complete finished with '0'
[15.829s] DEBUG:colcon.colcon_core.event_reactor:joining thread
[15.833s] INFO:colcon.colcon_core.plugin_system:Skipping extension 'colcon_notification.desktop_notification.terminal_notifier': Not used on non-Darwin systems
[15.833s] INFO:colcon.colcon_core.plugin_system:Skipping extension 'colcon_notification.desktop_notification.win32': Not used on non-Windows systems
[15.833s] INFO:colcon.colcon_notification.desktop_notification:Sending desktop notification using 'notify2'
[15.845s] DEBUG:colcon.colcon_core.event_reactor:joined thread
[15.846s] INFO:colcon.colcon_core.shell:Creating prefix script '/home/longarmape06/ifv_ws/install/local_setup.ps1'
[15.847s] INFO:colcon.colcon_core.shell:Creating prefix util module '/home/longarmape06/ifv_ws/install/_local_setup_util_ps1.py'
[15.848s] INFO:colcon.colcon_core.shell:Creating prefix chain script '/home/longarmape06/ifv_ws/install/setup.ps1'
[15.849s] INFO:colcon.colcon_core.shell:Creating prefix script '/home/longarmape06/ifv_ws/install/local_setup.sh'
[15.849s] INFO:colcon.colcon_core.shell:Creating prefix util module '/home/longarmape06/ifv_ws/install/_local_setup_util_sh.py'
[15.850s] INFO:colcon.colcon_core.shell:Creating prefix chain script '/home/longarmape06/ifv_ws/install/setup.sh'
[15.850s] INFO:colcon.colcon_core.shell:Creating prefix script '/home/longarmape06/ifv_ws/install/local_setup.bash'
[15.851s] INFO:colcon.colcon_core.shell:Creating prefix chain script '/home/longarmape06/ifv_ws/install/setup.bash'
[15.852s] INFO:colcon.colcon_core.shell:Creating prefix script '/home/longarmape06/ifv_ws/install/local_setup.zsh'
[15.852s] INFO:colcon.colcon_core.shell:Creating prefix chain script '/home/longarmape06/ifv_ws/install/setup.zsh'
